#
# There is insufficient memory for the Java Runtime Environment to continue.
# Native memory allocation (malloc) failed to allocate 1048576 bytes for AllocateHeap
# Possible reasons:
#   The system is out of physical RAM or swap space
#   The process is running with CompressedOops enabled, and the Java Heap may be blocking the growth of the native heap
# Possible solutions:
#   Reduce memory load on the system
#   Increase physical memory or swap space
#   Check if swap backing store is full
#   Decrease Java heap size (-Xmx/-Xms)
#   Decrease number of Java threads
#   Decrease Java thread stack sizes (-Xss)
#   Set larger code cache with -XX:ReservedCodeCacheSize=
#   JVM is running with Zero Based Compressed Oops mode in which the Java heap is
#     placed in the first 32GB address space. The Java Heap base address is the
#     maximum limit for the native heap growth. Please use -XX:HeapBaseMinAddress
#     to set the Java Heap base and to place the Java Heap above 32GB virtual address.
# This output file may be truncated or incomplete.
#
#  Out of Memory Error (./src/hotspot/share/memory/allocation.cpp:46), pid=8164, tid=22180
#
# JRE version: OpenJDK Runtime Environment Temurin-11.0.14.1+1 (11.0.14.1+1) (build 11.0.14.1+1)
# Java VM: OpenJDK 64-Bit Server VM Temurin-11.0.14.1+1 (11.0.14.1+1, mixed mode, tiered, compressed oops, g1 gc, windows-amd64)
# No core dump will be written. Minidumps are not enabled by default on client versions of Windows
#

---------------  S U M M A R Y ------------

Command Line: -Dfile.encoding=UTF-8 -Dcom.android.sdklib.toolsdir=D:\ProgramFiles\Unity\2022.3.13f1\Editor\Data\PlaybackEngines\AndroidPlayer\SDK\cmdline-tools\6.0\bin\\.. com.android.sdklib.tool.sdkmanager.SdkManagerCli --list

Host: AMD Ryzen 7 5800X 8-Core Processor             , 16 cores, 31G,  Windows 11 , 64 bit Build 22621 (10.0.22621.457)
Time: Sat Feb  3 22:26:09 2024 W. Europe Standard Time elapsed time: 0.756084 seconds (0d 0h 0m 0s)

---------------  T H R E A D  ---------------

Current thread (0x0000015b7f1ea000):  VMThread "VM Thread" [stack: 0x0000003c7d200000,0x0000003c7d300000] [id=22180]

Stack: [0x0000003c7d200000,0x0000003c7d300000]
[error occurred during error reporting (printing stack bounds), id 0xc0000005, EXCEPTION_ACCESS_VIOLATION (0xc0000005) at pc=0x0000015b6879112d]

Native frames: (J=compiled Java code, j=interpreted, Vv=VM code, C=native code)
V  [jvm.dll+0x61e59a]
V  [jvm.dll+0x7aaca9]
V  [jvm.dll+0x7ac398]
V  [jvm.dll+0x7ac9d5]
V  [jvm.dll+0x7ac98b]
V  [jvm.dll+0x61d927]
V  [jvm.dll+0x61e038]
C  [ntdll.dll+0xa3e1f]
C  [ntdll.dll+0x1eae6]
C  [ntdll.dll+0xa2e0e]
C  0x0000015b6879112d

VM_Operation (0x0000003c7ccfd750): CollectForMetadataAllocation, mode: safepoint, requested by thread 0x0000015b5e8a4000


---------------  P R O C E S S  ---------------

Threads class SMR info:
_java_thread_list=0x0000015b7fb4f0e0, length=15, elements={
0x0000015b5e8a4000, 0x0000015b7f223800, 0x0000015b7f1ed800, 0x0000015b7f26c800,
0x0000015b7f26e800, 0x0000015b7f271800, 0x0000015b7f276000, 0x0000015b7f280800,
0x0000015b7f28f000, 0x0000015b7f3fa800, 0x0000015b7f457800, 0x0000015b7f9fc800,
0x0000015b7f9ea800, 0x0000015b7fb56000, 0x0000015b7fdb6800
}

Java Threads: ( => current thread )
  0x0000015b5e8a4000 JavaThread "main" [_thread_blocked, id=39864, stack(0x0000003c7cc00000,0x0000003c7cd00000)]
  0x0000015b7f223800 JavaThread "Reference Handler" daemon [_thread_blocked, id=30048, stack(0x0000003c7d300000,0x0000003c7d400000)]
  0x0000015b7f1ed800 JavaThread "Finalizer" daemon [_thread_blocked, id=36568, stack(0x0000003c7d400000,0x0000003c7d500000)]
  0x0000015b7f26c800 JavaThread "Signal Dispatcher" daemon [_thread_blocked, id=20364, stack(0x0000003c7d500000,0x0000003c7d600000)]
  0x0000015b7f26e800 JavaThread "Attach Listener" daemon [_thread_blocked, id=24748, stack(0x0000003c7d600000,0x0000003c7d700000)]
  0x0000015b7f271800 JavaThread "Service Thread" daemon [_thread_blocked, id=21688, stack(0x0000003c7d700000,0x0000003c7d800000)]
  0x0000015b7f276000 JavaThread "C2 CompilerThread0" daemon [_thread_blocked, id=21560, stack(0x0000003c7d800000,0x0000003c7d900000)]
  0x0000015b7f280800 JavaThread "C1 CompilerThread0" daemon [_thread_blocked, id=17428, stack(0x0000003c7d900000,0x0000003c7da00000)]
  0x0000015b7f28f000 JavaThread "Sweeper thread" daemon [_thread_blocked, id=35704, stack(0x0000003c7da00000,0x0000003c7db00000)]
  0x0000015b7f3fa800 JavaThread "Common-Cleaner" daemon [_thread_blocked, id=19816, stack(0x0000003c7dc00000,0x0000003c7dd00000)]
  0x0000015b7f457800 JavaThread "C1 CompilerThread1" daemon [_thread_blocked, id=14628, stack(0x0000003c7dd00000,0x0000003c7de00000)]
  0x0000015b7f9fc800 JavaThread "C1 CompilerThread2" daemon [_thread_blocked, id=43644, stack(0x0000003c7de00000,0x0000003c7df00000)]
  0x0000015b7f9ea800 JavaThread "C1 CompilerThread3" daemon [_thread_blocked, id=40352, stack(0x0000003c7df00000,0x0000003c7e000000)]
  0x0000015b7fb56000 JavaThread "C2 CompilerThread1" daemon [_thread_blocked, id=20228, stack(0x0000003c7e000000,0x0000003c7e100000)]
  0x0000015b7fdb6800 JavaThread "C2 CompilerThread2" daemon [_thread_blocked, id=36672, stack(0x0000003c7e100000,0x0000003c7e200000)]

Other Threads:
=>0x0000015b7f1ea000 VMThread "VM Thread" [stack: 0x0000003c7d200000,0x0000003c7d300000] [id=22180]
  0x0000015b7f3ed000 WatcherThread [stack: 0x0000003c7db00000,0x0000003c7dc00000] [id=25024]
  0x0000015b5e8be800 GCTaskThread "GC Thread#0" [stack: 0x0000003c7cd00000,0x0000003c7ce00000] [id=28304]
  0x0000015b7fbe5000 GCTaskThread "GC Thread#1" [stack: 0x0000003c7e200000,0x0000003c7e300000] [id=30912]
  0x0000015b7f7f3800 GCTaskThread "GC Thread#2" [stack: 0x0000003c7e300000,0x0000003c7e400000] [id=36136]
  0x0000015b102c9800 GCTaskThread "GC Thread#3" [stack: 0x0000003c7e400000,0x0000003c7e500000] [id=28532]
  0x0000015b102bc800 GCTaskThread "GC Thread#4" [stack: 0x0000003c7e500000,0x0000003c7e600000] [id=10884]
  0x0000015b7fd7e000 GCTaskThread "GC Thread#5" [stack: 0x0000003c7e600000,0x0000003c7e700000] [id=25972]
  0x0000015b7fb50800 GCTaskThread "GC Thread#6" [stack: 0x0000003c7e700000,0x0000003c7e800000] [id=18668]
  0x0000015b7fb51000 GCTaskThread "GC Thread#7" [stack: 0x0000003c7e800000,0x0000003c7e900000] [id=12340]
  0x0000015b7fd9b000 GCTaskThread "GC Thread#8" [stack: 0x0000003c7e900000,0x0000003c7ea00000] [id=18624]
  0x0000015b7fd9c000 GCTaskThread "GC Thread#9" [stack: 0x0000003c7ea00000,0x0000003c7eb00000] [id=37632]
  0x0000015b1028c800 GCTaskThread "GC Thread#10" [stack: 0x0000003c7eb00000,0x0000003c7ec00000] [id=18132]
  0x0000015b10289800 GCTaskThread "GC Thread#11" [stack: 0x0000003c7ec00000,0x0000003c7ed00000] [id=13712]
  0x0000015b5e942000 ConcurrentGCThread "G1 Main Marker" [stack: 0x0000003c7ce00000,0x0000003c7cf00000] [id=39524]
  0x0000015b5e944000 ConcurrentGCThread "G1 Conc#0" [stack: 0x0000003c7cf00000,0x0000003c7d000000] [id=5476]
  0x0000015b1028e000 ConcurrentGCThread "G1 Conc#1" [stack: 0x0000003c7ed00000,0x0000003c7ee00000] [id=17176]
  0x0000015b10287800 ConcurrentGCThread "G1 Conc#2" [stack: 0x0000003c7ee00000,0x0000003c7ef00000] [id=20456]
  0x0000015b7e520800 ConcurrentGCThread "G1 Refine#0" [stack: 0x0000003c7d000000,0x0000003c7d100000] [id=12712]
  0x0000015b7e523800 ConcurrentGCThread "G1 Young RemSet Sampling" [stack: 0x0000003c7d100000,0x0000003c7d200000] [id=36576]

Threads with active compile tasks:

VM state:at safepoint (normal execution)

VM Mutex/Monitor currently owned by a thread:  ([mutex/lock_event])
[0x0000015b5e8a0f00] Threads_lock - owner thread: 0x0000015b7f1ea000
[0x0000015b5e8a0690] Heap_lock - owner thread: 0x0000015b5e8a4000

Heap address: 0x0000000600e00000, size: 8178 MB, Compressed Oops mode: Zero based, Oop shift amount: 3
Narrow klass base: 0x0000000800000000, Narrow klass shift: 0
Compressed class space size: 1073741824 Address: 0x0000000800000000

Heap:
 garbage-first heap   total 524288K, used 4275K [0x0000000600e00000, 0x0000000800000000)
  region size 2048K, 3 young (6144K), 3 survivors (6144K)
 Metaspace       used 15496K, capacity 15682K, committed 15744K, reserved 1077248K
  class space    used 1551K, capacity 1637K, committed 1664K, reserved 1048576K
Heap Regions: E=young(eden), S=young(survivor), O=old, HS=humongous(starts), HC=humongous(continues), CS=collection set, F=free, A=archive, TAMS=top-at-mark-start (previous, next)
|   0|0x0000000600e00000, 0x0000000600e00000, 0x0000000601000000|  0%| F|  |TAMS 0x0000000600e00000, 0x0000000600e00000| Untracked 
|   1|0x0000000601000000, 0x0000000601000000, 0x0000000601200000|  0%| F|  |TAMS 0x0000000601000000, 0x0000000601000000| Untracked 
|   2|0x0000000601200000, 0x0000000601200000, 0x0000000601400000|  0%| F|  |TAMS 0x0000000601200000, 0x0000000601200000| Untracked 
|   3|0x0000000601400000, 0x0000000601400000, 0x0000000601600000|  0%| F|  |TAMS 0x0000000601400000, 0x0000000601400000| Untracked 
|   4|0x0000000601600000, 0x0000000601600000, 0x0000000601800000|  0%| F|  |TAMS 0x0000000601600000, 0x0000000601600000| Untracked 
|   5|0x0000000601800000, 0x0000000601800000, 0x0000000601a00000|  0%| F|  |TAMS 0x0000000601800000, 0x0000000601800000| Untracked 
|   6|0x0000000601a00000, 0x0000000601a00000, 0x0000000601c00000|  0%| F|  |TAMS 0x0000000601a00000, 0x0000000601a00000| Untracked 
|   7|0x0000000601c00000, 0x0000000601c00000, 0x0000000601e00000|  0%| F|  |TAMS 0x0000000601c00000, 0x0000000601c00000| Untracked 
|   8|0x0000000601e00000, 0x0000000601e00000, 0x0000000602000000|  0%| F|  |TAMS 0x0000000601e00000, 0x0000000601e00000| Untracked 
|   9|0x0000000602000000, 0x0000000602000000, 0x0000000602200000|  0%| F|  |TAMS 0x0000000602000000, 0x0000000602000000| Untracked 
|  10|0x0000000602200000, 0x0000000602200000, 0x0000000602400000|  0%| F|  |TAMS 0x0000000602200000, 0x0000000602200000| Untracked 
|  11|0x0000000602400000, 0x0000000602400000, 0x0000000602600000|  0%| F|  |TAMS 0x0000000602400000, 0x0000000602400000| Untracked 
|  12|0x0000000602600000, 0x0000000602600000, 0x0000000602800000|  0%| F|  |TAMS 0x0000000602600000, 0x0000000602600000| Untracked 
|  13|0x0000000602800000, 0x0000000602800000, 0x0000000602a00000|  0%| F|  |TAMS 0x0000000602800000, 0x0000000602800000| Untracked 
|  14|0x0000000602a00000, 0x0000000602a00000, 0x0000000602c00000|  0%| F|  |TAMS 0x0000000602a00000, 0x0000000602a00000| Untracked 
|  15|0x0000000602c00000, 0x0000000602c00000, 0x0000000602e00000|  0%| F|  |TAMS 0x0000000602c00000, 0x0000000602c00000| Untracked 
|  16|0x0000000602e00000, 0x0000000602e00000, 0x0000000603000000|  0%| F|  |TAMS 0x0000000602e00000, 0x0000000602e00000| Untracked 
|  17|0x0000000603000000, 0x0000000603000000, 0x0000000603200000|  0%| F|  |TAMS 0x0000000603000000, 0x0000000603000000| Untracked 
|  18|0x0000000603200000, 0x0000000603200000, 0x0000000603400000|  0%| F|  |TAMS 0x0000000603200000, 0x0000000603200000| Untracked 
|  19|0x0000000603400000, 0x0000000603400000, 0x0000000603600000|  0%| F|  |TAMS 0x0000000603400000, 0x0000000603400000| Untracked 
|  20|0x0000000603600000, 0x0000000603600000, 0x0000000603800000|  0%| F|  |TAMS 0x0000000603600000, 0x0000000603600000| Untracked 
|  21|0x0000000603800000, 0x0000000603800000, 0x0000000603a00000|  0%| F|  |TAMS 0x0000000603800000, 0x0000000603800000| Untracked 
|  22|0x0000000603a00000, 0x0000000603a00000, 0x0000000603c00000|  0%| F|  |TAMS 0x0000000603a00000, 0x0000000603a00000| Untracked 
|  23|0x0000000603c00000, 0x0000000603c00000, 0x0000000603e00000|  0%| F|  |TAMS 0x0000000603c00000, 0x0000000603c00000| Untracked 
|  24|0x0000000603e00000, 0x0000000603e00000, 0x0000000604000000|  0%| F|  |TAMS 0x0000000603e00000, 0x0000000603e00000| Untracked 
|  25|0x0000000604000000, 0x0000000604000000, 0x0000000604200000|  0%| F|  |TAMS 0x0000000604000000, 0x0000000604000000| Untracked 
|  26|0x0000000604200000, 0x0000000604200000, 0x0000000604400000|  0%| F|  |TAMS 0x0000000604200000, 0x0000000604200000| Untracked 
|  27|0x0000000604400000, 0x0000000604400000, 0x0000000604600000|  0%| F|  |TAMS 0x0000000604400000, 0x0000000604400000| Untracked 
|  28|0x0000000604600000, 0x0000000604600000, 0x0000000604800000|  0%| F|  |TAMS 0x0000000604600000, 0x0000000604600000| Untracked 
|  29|0x0000000604800000, 0x0000000604800000, 0x0000000604a00000|  0%| F|  |TAMS 0x0000000604800000, 0x0000000604800000| Untracked 
|  30|0x0000000604a00000, 0x0000000604a00000, 0x0000000604c00000|  0%| F|  |TAMS 0x0000000604a00000, 0x0000000604a00000| Untracked 
|  31|0x0000000604c00000, 0x0000000604c00000, 0x0000000604e00000|  0%| F|  |TAMS 0x0000000604c00000, 0x0000000604c00000| Untracked 
|  32|0x0000000604e00000, 0x0000000604e00000, 0x0000000605000000|  0%| F|  |TAMS 0x0000000604e00000, 0x0000000604e00000| Untracked 
|  33|0x0000000605000000, 0x0000000605000000, 0x0000000605200000|  0%| F|  |TAMS 0x0000000605000000, 0x0000000605000000| Untracked 
|  34|0x0000000605200000, 0x0000000605200000, 0x0000000605400000|  0%| F|  |TAMS 0x0000000605200000, 0x0000000605200000| Untracked 
|  35|0x0000000605400000, 0x0000000605400000, 0x0000000605600000|  0%| F|  |TAMS 0x0000000605400000, 0x0000000605400000| Untracked 
|  36|0x0000000605600000, 0x0000000605600000, 0x0000000605800000|  0%| F|  |TAMS 0x0000000605600000, 0x0000000605600000| Untracked 
|  37|0x0000000605800000, 0x0000000605800000, 0x0000000605a00000|  0%| F|  |TAMS 0x0000000605800000, 0x0000000605800000| Untracked 
|  38|0x0000000605a00000, 0x0000000605a00000, 0x0000000605c00000|  0%| F|  |TAMS 0x0000000605a00000, 0x0000000605a00000| Untracked 
|  39|0x0000000605c00000, 0x0000000605c00000, 0x0000000605e00000|  0%| F|  |TAMS 0x0000000605c00000, 0x0000000605c00000| Untracked 
|  40|0x0000000605e00000, 0x0000000605e00000, 0x0000000606000000|  0%| F|  |TAMS 0x0000000605e00000, 0x0000000605e00000| Untracked 
|  41|0x0000000606000000, 0x0000000606000000, 0x0000000606200000|  0%| F|  |TAMS 0x0000000606000000, 0x0000000606000000| Untracked 
|  42|0x0000000606200000, 0x0000000606200000, 0x0000000606400000|  0%| F|  |TAMS 0x0000000606200000, 0x0000000606200000| Untracked 
|  43|0x0000000606400000, 0x0000000606400000, 0x0000000606600000|  0%| F|  |TAMS 0x0000000606400000, 0x0000000606400000| Untracked 
|  44|0x0000000606600000, 0x0000000606600000, 0x0000000606800000|  0%| F|  |TAMS 0x0000000606600000, 0x0000000606600000| Untracked 
|  45|0x0000000606800000, 0x0000000606800000, 0x0000000606a00000|  0%| F|  |TAMS 0x0000000606800000, 0x0000000606800000| Untracked 
|  46|0x0000000606a00000, 0x0000000606a00000, 0x0000000606c00000|  0%| F|  |TAMS 0x0000000606a00000, 0x0000000606a00000| Untracked 
|  47|0x0000000606c00000, 0x0000000606c00000, 0x0000000606e00000|  0%| F|  |TAMS 0x0000000606c00000, 0x0000000606c00000| Untracked 
|  48|0x0000000606e00000, 0x0000000606e00000, 0x0000000607000000|  0%| F|  |TAMS 0x0000000606e00000, 0x0000000606e00000| Untracked 
|  49|0x0000000607000000, 0x0000000607000000, 0x0000000607200000|  0%| F|  |TAMS 0x0000000607000000, 0x0000000607000000| Untracked 
|  50|0x0000000607200000, 0x0000000607200000, 0x0000000607400000|  0%| F|  |TAMS 0x0000000607200000, 0x0000000607200000| Untracked 
|  51|0x0000000607400000, 0x0000000607400000, 0x0000000607600000|  0%| F|  |TAMS 0x0000000607400000, 0x0000000607400000| Untracked 
|  52|0x0000000607600000, 0x0000000607600000, 0x0000000607800000|  0%| F|  |TAMS 0x0000000607600000, 0x0000000607600000| Untracked 
|  53|0x0000000607800000, 0x0000000607800000, 0x0000000607a00000|  0%| F|  |TAMS 0x0000000607800000, 0x0000000607800000| Untracked 
|  54|0x0000000607a00000, 0x0000000607a00000, 0x0000000607c00000|  0%| F|  |TAMS 0x0000000607a00000, 0x0000000607a00000| Untracked 
|  55|0x0000000607c00000, 0x0000000607c00000, 0x0000000607e00000|  0%| F|  |TAMS 0x0000000607c00000, 0x0000000607c00000| Untracked 
|  56|0x0000000607e00000, 0x0000000607e00000, 0x0000000608000000|  0%| F|  |TAMS 0x0000000607e00000, 0x0000000607e00000| Untracked 
|  57|0x0000000608000000, 0x0000000608000000, 0x0000000608200000|  0%| F|  |TAMS 0x0000000608000000, 0x0000000608000000| Untracked 
|  58|0x0000000608200000, 0x0000000608200000, 0x0000000608400000|  0%| F|  |TAMS 0x0000000608200000, 0x0000000608200000| Untracked 
|  59|0x0000000608400000, 0x0000000608400000, 0x0000000608600000|  0%| F|  |TAMS 0x0000000608400000, 0x0000000608400000| Untracked 
|  60|0x0000000608600000, 0x0000000608600000, 0x0000000608800000|  0%| F|  |TAMS 0x0000000608600000, 0x0000000608600000| Untracked 
|  61|0x0000000608800000, 0x0000000608800000, 0x0000000608a00000|  0%| F|  |TAMS 0x0000000608800000, 0x0000000608800000| Untracked 
|  62|0x0000000608a00000, 0x0000000608a00000, 0x0000000608c00000|  0%| F|  |TAMS 0x0000000608a00000, 0x0000000608a00000| Untracked 
|  63|0x0000000608c00000, 0x0000000608c00000, 0x0000000608e00000|  0%| F|  |TAMS 0x0000000608c00000, 0x0000000608c00000| Untracked 
|  64|0x0000000608e00000, 0x0000000608e00000, 0x0000000609000000|  0%| F|  |TAMS 0x0000000608e00000, 0x0000000608e00000| Untracked 
|  65|0x0000000609000000, 0x0000000609000000, 0x0000000609200000|  0%| F|  |TAMS 0x0000000609000000, 0x0000000609000000| Untracked 
|  66|0x0000000609200000, 0x0000000609200000, 0x0000000609400000|  0%| F|  |TAMS 0x0000000609200000, 0x0000000609200000| Untracked 
|  67|0x0000000609400000, 0x0000000609400000, 0x0000000609600000|  0%| F|  |TAMS 0x0000000609400000, 0x0000000609400000| Untracked 
|  68|0x0000000609600000, 0x0000000609600000, 0x0000000609800000|  0%| F|  |TAMS 0x0000000609600000, 0x0000000609600000| Untracked 
|  69|0x0000000609800000, 0x0000000609800000, 0x0000000609a00000|  0%| F|  |TAMS 0x0000000609800000, 0x0000000609800000| Untracked 
|  70|0x0000000609a00000, 0x0000000609a00000, 0x0000000609c00000|  0%| F|  |TAMS 0x0000000609a00000, 0x0000000609a00000| Untracked 
|  71|0x0000000609c00000, 0x0000000609c00000, 0x0000000609e00000|  0%| F|  |TAMS 0x0000000609c00000, 0x0000000609c00000| Untracked 
|  72|0x0000000609e00000, 0x0000000609e00000, 0x000000060a000000|  0%| F|  |TAMS 0x0000000609e00000, 0x0000000609e00000| Untracked 
|  73|0x000000060a000000, 0x000000060a000000, 0x000000060a200000|  0%| F|  |TAMS 0x000000060a000000, 0x000000060a000000| Untracked 
|  74|0x000000060a200000, 0x000000060a200000, 0x000000060a400000|  0%| F|  |TAMS 0x000000060a200000, 0x000000060a200000| Untracked 
|  75|0x000000060a400000, 0x000000060a400000, 0x000000060a600000|  0%| F|  |TAMS 0x000000060a400000, 0x000000060a400000| Untracked 
|  76|0x000000060a600000, 0x000000060a600000, 0x000000060a800000|  0%| F|  |TAMS 0x000000060a600000, 0x000000060a600000| Untracked 
|  77|0x000000060a800000, 0x000000060a800000, 0x000000060aa00000|  0%| F|  |TAMS 0x000000060a800000, 0x000000060a800000| Untracked 
|  78|0x000000060aa00000, 0x000000060aa00000, 0x000000060ac00000|  0%| F|  |TAMS 0x000000060aa00000, 0x000000060aa00000| Untracked 
|  79|0x000000060ac00000, 0x000000060ac00000, 0x000000060ae00000|  0%| F|  |TAMS 0x000000060ac00000, 0x000000060ac00000| Untracked 
|  80|0x000000060ae00000, 0x000000060ae00000, 0x000000060b000000|  0%| F|  |TAMS 0x000000060ae00000, 0x000000060ae00000| Untracked 
|  81|0x000000060b000000, 0x000000060b000000, 0x000000060b200000|  0%| F|  |TAMS 0x000000060b000000, 0x000000060b000000| Untracked 
|  82|0x000000060b200000, 0x000000060b200000, 0x000000060b400000|  0%| F|  |TAMS 0x000000060b200000, 0x000000060b200000| Untracked 
|  83|0x000000060b400000, 0x000000060b400000, 0x000000060b600000|  0%| F|  |TAMS 0x000000060b400000, 0x000000060b400000| Untracked 
|  84|0x000000060b600000, 0x000000060b600000, 0x000000060b800000|  0%| F|  |TAMS 0x000000060b600000, 0x000000060b600000| Untracked 
|  85|0x000000060b800000, 0x000000060b800000, 0x000000060ba00000|  0%| F|  |TAMS 0x000000060b800000, 0x000000060b800000| Untracked 
|  86|0x000000060ba00000, 0x000000060ba00000, 0x000000060bc00000|  0%| F|  |TAMS 0x000000060ba00000, 0x000000060ba00000| Untracked 
|  87|0x000000060bc00000, 0x000000060bc00000, 0x000000060be00000|  0%| F|  |TAMS 0x000000060bc00000, 0x000000060bc00000| Untracked 
|  88|0x000000060be00000, 0x000000060be00000, 0x000000060c000000|  0%| F|  |TAMS 0x000000060be00000, 0x000000060be00000| Untracked 
|  89|0x000000060c000000, 0x000000060c000000, 0x000000060c200000|  0%| F|  |TAMS 0x000000060c000000, 0x000000060c000000| Untracked 
|  90|0x000000060c200000, 0x000000060c200000, 0x000000060c400000|  0%| F|  |TAMS 0x000000060c200000, 0x000000060c200000| Untracked 
|  91|0x000000060c400000, 0x000000060c400000, 0x000000060c600000|  0%| F|  |TAMS 0x000000060c400000, 0x000000060c400000| Untracked 
|  92|0x000000060c600000, 0x000000060c600000, 0x000000060c800000|  0%| F|  |TAMS 0x000000060c600000, 0x000000060c600000| Untracked 
|  93|0x000000060c800000, 0x000000060c800000, 0x000000060ca00000|  0%| F|  |TAMS 0x000000060c800000, 0x000000060c800000| Untracked 
|  94|0x000000060ca00000, 0x000000060ca00000, 0x000000060cc00000|  0%| F|  |TAMS 0x000000060ca00000, 0x000000060ca00000| Untracked 
|  95|0x000000060cc00000, 0x000000060cc00000, 0x000000060ce00000|  0%| F|  |TAMS 0x000000060cc00000, 0x000000060cc00000| Untracked 
|  96|0x000000060ce00000, 0x000000060ce00000, 0x000000060d000000|  0%| F|  |TAMS 0x000000060ce00000, 0x000000060ce00000| Untracked 
|  97|0x000000060d000000, 0x000000060d000000, 0x000000060d200000|  0%| F|  |TAMS 0x000000060d000000, 0x000000060d000000| Untracked 
|  98|0x000000060d200000, 0x000000060d200000, 0x000000060d400000|  0%| F|  |TAMS 0x000000060d200000, 0x000000060d200000| Untracked 
|  99|0x000000060d400000, 0x000000060d400000, 0x000000060d600000|  0%| F|  |TAMS 0x000000060d400000, 0x000000060d400000| Untracked 
| 100|0x000000060d600000, 0x000000060d600000, 0x000000060d800000|  0%| F|  |TAMS 0x000000060d600000, 0x000000060d600000| Untracked 
| 101|0x000000060d800000, 0x000000060d800000, 0x000000060da00000|  0%| F|  |TAMS 0x000000060d800000, 0x000000060d800000| Untracked 
| 102|0x000000060da00000, 0x000000060da00000, 0x000000060dc00000|  0%| F|  |TAMS 0x000000060da00000, 0x000000060da00000| Untracked 
| 103|0x000000060dc00000, 0x000000060dc00000, 0x000000060de00000|  0%| F|  |TAMS 0x000000060dc00000, 0x000000060dc00000| Untracked 
| 104|0x000000060de00000, 0x000000060de00000, 0x000000060e000000|  0%| F|  |TAMS 0x000000060de00000, 0x000000060de00000| Untracked 
| 105|0x000000060e000000, 0x000000060e000000, 0x000000060e200000|  0%| F|  |TAMS 0x000000060e000000, 0x000000060e000000| Untracked 
| 106|0x000000060e200000, 0x000000060e200000, 0x000000060e400000|  0%| F|  |TAMS 0x000000060e200000, 0x000000060e200000| Untracked 
| 107|0x000000060e400000, 0x000000060e400000, 0x000000060e600000|  0%| F|  |TAMS 0x000000060e400000, 0x000000060e400000| Untracked 
| 108|0x000000060e600000, 0x000000060e600000, 0x000000060e800000|  0%| F|  |TAMS 0x000000060e600000, 0x000000060e600000| Untracked 
| 109|0x000000060e800000, 0x000000060e800000, 0x000000060ea00000|  0%| F|  |TAMS 0x000000060e800000, 0x000000060e800000| Untracked 
| 110|0x000000060ea00000, 0x000000060ea00000, 0x000000060ec00000|  0%| F|  |TAMS 0x000000060ea00000, 0x000000060ea00000| Untracked 
| 111|0x000000060ec00000, 0x000000060ec00000, 0x000000060ee00000|  0%| F|  |TAMS 0x000000060ec00000, 0x000000060ec00000| Untracked 
| 112|0x000000060ee00000, 0x000000060ee00000, 0x000000060f000000|  0%| F|  |TAMS 0x000000060ee00000, 0x000000060ee00000| Untracked 
| 113|0x000000060f000000, 0x000000060f000000, 0x000000060f200000|  0%| F|  |TAMS 0x000000060f000000, 0x000000060f000000| Untracked 
| 114|0x000000060f200000, 0x000000060f200000, 0x000000060f400000|  0%| F|  |TAMS 0x000000060f200000, 0x000000060f200000| Untracked 
| 115|0x000000060f400000, 0x000000060f400000, 0x000000060f600000|  0%| F|  |TAMS 0x000000060f400000, 0x000000060f400000| Untracked 
| 116|0x000000060f600000, 0x000000060f600000, 0x000000060f800000|  0%| F|  |TAMS 0x000000060f600000, 0x000000060f600000| Untracked 
| 117|0x000000060f800000, 0x000000060f800000, 0x000000060fa00000|  0%| F|  |TAMS 0x000000060f800000, 0x000000060f800000| Untracked 
| 118|0x000000060fa00000, 0x000000060fa00000, 0x000000060fc00000|  0%| F|  |TAMS 0x000000060fa00000, 0x000000060fa00000| Untracked 
| 119|0x000000060fc00000, 0x000000060fc00000, 0x000000060fe00000|  0%| F|  |TAMS 0x000000060fc00000, 0x000000060fc00000| Untracked 
| 120|0x000000060fe00000, 0x000000060fe00000, 0x0000000610000000|  0%| F|  |TAMS 0x000000060fe00000, 0x000000060fe00000| Untracked 
| 121|0x0000000610000000, 0x0000000610000000, 0x0000000610200000|  0%| F|  |TAMS 0x0000000610000000, 0x0000000610000000| Untracked 
| 122|0x0000000610200000, 0x0000000610200000, 0x0000000610400000|  0%| F|  |TAMS 0x0000000610200000, 0x0000000610200000| Untracked 
| 123|0x0000000610400000, 0x0000000610400000, 0x0000000610600000|  0%| F|  |TAMS 0x0000000610400000, 0x0000000610400000| Untracked 
| 124|0x0000000610600000, 0x0000000610600000, 0x0000000610800000|  0%| F|  |TAMS 0x0000000610600000, 0x0000000610600000| Untracked 
| 125|0x0000000610800000, 0x0000000610800000, 0x0000000610a00000|  0%| F|  |TAMS 0x0000000610800000, 0x0000000610800000| Untracked 
| 126|0x0000000610a00000, 0x0000000610a00000, 0x0000000610c00000|  0%| F|  |TAMS 0x0000000610a00000, 0x0000000610a00000| Untracked 
| 127|0x0000000610c00000, 0x0000000610c00000, 0x0000000610e00000|  0%| F|  |TAMS 0x0000000610c00000, 0x0000000610c00000| Untracked 
| 128|0x0000000610e00000, 0x0000000610e00000, 0x0000000611000000|  0%| F|  |TAMS 0x0000000610e00000, 0x0000000610e00000| Untracked 
| 129|0x0000000611000000, 0x0000000611000000, 0x0000000611200000|  0%| F|  |TAMS 0x0000000611000000, 0x0000000611000000| Untracked 
| 130|0x0000000611200000, 0x0000000611200000, 0x0000000611400000|  0%| F|  |TAMS 0x0000000611200000, 0x0000000611200000| Untracked 
| 131|0x0000000611400000, 0x0000000611400000, 0x0000000611600000|  0%| F|  |TAMS 0x0000000611400000, 0x0000000611400000| Untracked 
| 132|0x0000000611600000, 0x0000000611600000, 0x0000000611800000|  0%| F|  |TAMS 0x0000000611600000, 0x0000000611600000| Untracked 
| 133|0x0000000611800000, 0x0000000611800000, 0x0000000611a00000|  0%| F|  |TAMS 0x0000000611800000, 0x0000000611800000| Untracked 
| 134|0x0000000611a00000, 0x0000000611a00000, 0x0000000611c00000|  0%| F|  |TAMS 0x0000000611a00000, 0x0000000611a00000| Untracked 
| 135|0x0000000611c00000, 0x0000000611c00000, 0x0000000611e00000|  0%| F|  |TAMS 0x0000000611c00000, 0x0000000611c00000| Untracked 
| 136|0x0000000611e00000, 0x0000000611e00000, 0x0000000612000000|  0%| F|  |TAMS 0x0000000611e00000, 0x0000000611e00000| Untracked 
| 137|0x0000000612000000, 0x0000000612000000, 0x0000000612200000|  0%| F|  |TAMS 0x0000000612000000, 0x0000000612000000| Untracked 
| 138|0x0000000612200000, 0x0000000612200000, 0x0000000612400000|  0%| F|  |TAMS 0x0000000612200000, 0x0000000612200000| Untracked 
| 139|0x0000000612400000, 0x0000000612400000, 0x0000000612600000|  0%| F|  |TAMS 0x0000000612400000, 0x0000000612400000| Untracked 
| 140|0x0000000612600000, 0x0000000612600000, 0x0000000612800000|  0%| F|  |TAMS 0x0000000612600000, 0x0000000612600000| Untracked 
| 141|0x0000000612800000, 0x0000000612800000, 0x0000000612a00000|  0%| F|  |TAMS 0x0000000612800000, 0x0000000612800000| Untracked 
| 142|0x0000000612a00000, 0x0000000612a00000, 0x0000000612c00000|  0%| F|  |TAMS 0x0000000612a00000, 0x0000000612a00000| Untracked 
| 143|0x0000000612c00000, 0x0000000612c00000, 0x0000000612e00000|  0%| F|  |TAMS 0x0000000612c00000, 0x0000000612c00000| Untracked 
| 144|0x0000000612e00000, 0x0000000612e00000, 0x0000000613000000|  0%| F|  |TAMS 0x0000000612e00000, 0x0000000612e00000| Untracked 
| 145|0x0000000613000000, 0x0000000613000000, 0x0000000613200000|  0%| F|  |TAMS 0x0000000613000000, 0x0000000613000000| Untracked 
| 146|0x0000000613200000, 0x0000000613200000, 0x0000000613400000|  0%| F|  |TAMS 0x0000000613200000, 0x0000000613200000| Untracked 
| 147|0x0000000613400000, 0x0000000613400000, 0x0000000613600000|  0%| F|  |TAMS 0x0000000613400000, 0x0000000613400000| Untracked 
| 148|0x0000000613600000, 0x0000000613600000, 0x0000000613800000|  0%| F|  |TAMS 0x0000000613600000, 0x0000000613600000| Untracked 
| 149|0x0000000613800000, 0x0000000613800000, 0x0000000613a00000|  0%| F|  |TAMS 0x0000000613800000, 0x0000000613800000| Untracked 
| 150|0x0000000613a00000, 0x0000000613a00000, 0x0000000613c00000|  0%| F|  |TAMS 0x0000000613a00000, 0x0000000613a00000| Untracked 
| 151|0x0000000613c00000, 0x0000000613c00000, 0x0000000613e00000|  0%| F|  |TAMS 0x0000000613c00000, 0x0000000613c00000| Untracked 
| 152|0x0000000613e00000, 0x0000000613e00000, 0x0000000614000000|  0%| F|  |TAMS 0x0000000613e00000, 0x0000000613e00000| Untracked 
| 153|0x0000000614000000, 0x0000000614000000, 0x0000000614200000|  0%| F|  |TAMS 0x0000000614000000, 0x0000000614000000| Untracked 
| 154|0x0000000614200000, 0x0000000614200000, 0x0000000614400000|  0%| F|  |TAMS 0x0000000614200000, 0x0000000614200000| Untracked 
| 155|0x0000000614400000, 0x0000000614400000, 0x0000000614600000|  0%| F|  |TAMS 0x0000000614400000, 0x0000000614400000| Untracked 
| 156|0x0000000614600000, 0x0000000614600000, 0x0000000614800000|  0%| F|  |TAMS 0x0000000614600000, 0x0000000614600000| Untracked 
| 157|0x0000000614800000, 0x0000000614800000, 0x0000000614a00000|  0%| F|  |TAMS 0x0000000614800000, 0x0000000614800000| Untracked 
| 158|0x0000000614a00000, 0x0000000614a00000, 0x0000000614c00000|  0%| F|  |TAMS 0x0000000614a00000, 0x0000000614a00000| Untracked 
| 159|0x0000000614c00000, 0x0000000614c00000, 0x0000000614e00000|  0%| F|  |TAMS 0x0000000614c00000, 0x0000000614c00000| Untracked 
| 160|0x0000000614e00000, 0x0000000614e00000, 0x0000000615000000|  0%| F|  |TAMS 0x0000000614e00000, 0x0000000614e00000| Untracked 
| 161|0x0000000615000000, 0x0000000615000000, 0x0000000615200000|  0%| F|  |TAMS 0x0000000615000000, 0x0000000615000000| Untracked 
| 162|0x0000000615200000, 0x0000000615200000, 0x0000000615400000|  0%| F|  |TAMS 0x0000000615200000, 0x0000000615200000| Untracked 
| 163|0x0000000615400000, 0x0000000615400000, 0x0000000615600000|  0%| F|  |TAMS 0x0000000615400000, 0x0000000615400000| Untracked 
| 164|0x0000000615600000, 0x0000000615600000, 0x0000000615800000|  0%| F|  |TAMS 0x0000000615600000, 0x0000000615600000| Untracked 
| 165|0x0000000615800000, 0x0000000615800000, 0x0000000615a00000|  0%| F|  |TAMS 0x0000000615800000, 0x0000000615800000| Untracked 
| 166|0x0000000615a00000, 0x0000000615a00000, 0x0000000615c00000|  0%| F|  |TAMS 0x0000000615a00000, 0x0000000615a00000| Untracked 
| 167|0x0000000615c00000, 0x0000000615c00000, 0x0000000615e00000|  0%| F|  |TAMS 0x0000000615c00000, 0x0000000615c00000| Untracked 
| 168|0x0000000615e00000, 0x0000000615e00000, 0x0000000616000000|  0%| F|  |TAMS 0x0000000615e00000, 0x0000000615e00000| Untracked 
| 169|0x0000000616000000, 0x0000000616000000, 0x0000000616200000|  0%| F|  |TAMS 0x0000000616000000, 0x0000000616000000| Untracked 
| 170|0x0000000616200000, 0x0000000616200000, 0x0000000616400000|  0%| F|  |TAMS 0x0000000616200000, 0x0000000616200000| Untracked 
| 171|0x0000000616400000, 0x0000000616400000, 0x0000000616600000|  0%| F|  |TAMS 0x0000000616400000, 0x0000000616400000| Untracked 
| 172|0x0000000616600000, 0x0000000616600000, 0x0000000616800000|  0%| F|  |TAMS 0x0000000616600000, 0x0000000616600000| Untracked 
| 173|0x0000000616800000, 0x0000000616800000, 0x0000000616a00000|  0%| F|  |TAMS 0x0000000616800000, 0x0000000616800000| Untracked 
| 174|0x0000000616a00000, 0x0000000616a00000, 0x0000000616c00000|  0%| F|  |TAMS 0x0000000616a00000, 0x0000000616a00000| Untracked 
| 175|0x0000000616c00000, 0x0000000616c00000, 0x0000000616e00000|  0%| F|  |TAMS 0x0000000616c00000, 0x0000000616c00000| Untracked 
| 176|0x0000000616e00000, 0x0000000616e00000, 0x0000000617000000|  0%| F|  |TAMS 0x0000000616e00000, 0x0000000616e00000| Untracked 
| 177|0x0000000617000000, 0x0000000617000000, 0x0000000617200000|  0%| F|  |TAMS 0x0000000617000000, 0x0000000617000000| Untracked 
| 178|0x0000000617200000, 0x0000000617200000, 0x0000000617400000|  0%| F|  |TAMS 0x0000000617200000, 0x0000000617200000| Untracked 
| 179|0x0000000617400000, 0x0000000617400000, 0x0000000617600000|  0%| F|  |TAMS 0x0000000617400000, 0x0000000617400000| Untracked 
| 180|0x0000000617600000, 0x0000000617600000, 0x0000000617800000|  0%| F|  |TAMS 0x0000000617600000, 0x0000000617600000| Untracked 
| 181|0x0000000617800000, 0x0000000617800000, 0x0000000617a00000|  0%| F|  |TAMS 0x0000000617800000, 0x0000000617800000| Untracked 
| 182|0x0000000617a00000, 0x0000000617a00000, 0x0000000617c00000|  0%| F|  |TAMS 0x0000000617a00000, 0x0000000617a00000| Untracked 
| 183|0x0000000617c00000, 0x0000000617c00000, 0x0000000617e00000|  0%| F|  |TAMS 0x0000000617c00000, 0x0000000617c00000| Untracked 
| 184|0x0000000617e00000, 0x0000000617e00000, 0x0000000618000000|  0%| F|  |TAMS 0x0000000617e00000, 0x0000000617e00000| Untracked 
| 185|0x0000000618000000, 0x0000000618000000, 0x0000000618200000|  0%| F|  |TAMS 0x0000000618000000, 0x0000000618000000| Untracked 
| 186|0x0000000618200000, 0x0000000618200000, 0x0000000618400000|  0%| F|  |TAMS 0x0000000618200000, 0x0000000618200000| Untracked 
| 187|0x0000000618400000, 0x0000000618400000, 0x0000000618600000|  0%| F|  |TAMS 0x0000000618400000, 0x0000000618400000| Untracked 
| 188|0x0000000618600000, 0x0000000618600000, 0x0000000618800000|  0%| F|  |TAMS 0x0000000618600000, 0x0000000618600000| Untracked 
| 189|0x0000000618800000, 0x0000000618800000, 0x0000000618a00000|  0%| F|  |TAMS 0x0000000618800000, 0x0000000618800000| Untracked 
| 190|0x0000000618a00000, 0x0000000618a00000, 0x0000000618c00000|  0%| F|  |TAMS 0x0000000618a00000, 0x0000000618a00000| Untracked 
| 191|0x0000000618c00000, 0x0000000618c00000, 0x0000000618e00000|  0%| F|  |TAMS 0x0000000618c00000, 0x0000000618c00000| Untracked 
| 192|0x0000000618e00000, 0x0000000618e00000, 0x0000000619000000|  0%| F|  |TAMS 0x0000000618e00000, 0x0000000618e00000| Untracked 
| 193|0x0000000619000000, 0x0000000619000000, 0x0000000619200000|  0%| F|  |TAMS 0x0000000619000000, 0x0000000619000000| Untracked 
| 194|0x0000000619200000, 0x0000000619200000, 0x0000000619400000|  0%| F|  |TAMS 0x0000000619200000, 0x0000000619200000| Untracked 
| 195|0x0000000619400000, 0x0000000619400000, 0x0000000619600000|  0%| F|  |TAMS 0x0000000619400000, 0x0000000619400000| Untracked 
| 196|0x0000000619600000, 0x0000000619600000, 0x0000000619800000|  0%| F|  |TAMS 0x0000000619600000, 0x0000000619600000| Untracked 
| 197|0x0000000619800000, 0x0000000619800000, 0x0000000619a00000|  0%| F|  |TAMS 0x0000000619800000, 0x0000000619800000| Untracked 
| 198|0x0000000619a00000, 0x0000000619a00000, 0x0000000619c00000|  0%| F|  |TAMS 0x0000000619a00000, 0x0000000619a00000| Untracked 
| 199|0x0000000619c00000, 0x0000000619c00000, 0x0000000619e00000|  0%| F|  |TAMS 0x0000000619c00000, 0x0000000619c00000| Untracked 
| 200|0x0000000619e00000, 0x0000000619e00000, 0x000000061a000000|  0%| F|  |TAMS 0x0000000619e00000, 0x0000000619e00000| Untracked 
| 201|0x000000061a000000, 0x000000061a000000, 0x000000061a200000|  0%| F|  |TAMS 0x000000061a000000, 0x000000061a000000| Untracked 
| 202|0x000000061a200000, 0x000000061a200000, 0x000000061a400000|  0%| F|  |TAMS 0x000000061a200000, 0x000000061a200000| Untracked 
| 203|0x000000061a400000, 0x000000061a400000, 0x000000061a600000|  0%| F|  |TAMS 0x000000061a400000, 0x000000061a400000| Untracked 
| 204|0x000000061a600000, 0x000000061a600000, 0x000000061a800000|  0%| F|  |TAMS 0x000000061a600000, 0x000000061a600000| Untracked 
| 205|0x000000061a800000, 0x000000061a800000, 0x000000061aa00000|  0%| F|  |TAMS 0x000000061a800000, 0x000000061a800000| Untracked 
| 206|0x000000061aa00000, 0x000000061aa00000, 0x000000061ac00000|  0%| F|  |TAMS 0x000000061aa00000, 0x000000061aa00000| Untracked 
| 207|0x000000061ac00000, 0x000000061ac00000, 0x000000061ae00000|  0%| F|  |TAMS 0x000000061ac00000, 0x000000061ac00000| Untracked 
| 208|0x000000061ae00000, 0x000000061ae00000, 0x000000061b000000|  0%| F|  |TAMS 0x000000061ae00000, 0x000000061ae00000| Untracked 
| 209|0x000000061b000000, 0x000000061b000000, 0x000000061b200000|  0%| F|  |TAMS 0x000000061b000000, 0x000000061b000000| Untracked 
| 210|0x000000061b200000, 0x000000061b200000, 0x000000061b400000|  0%| F|  |TAMS 0x000000061b200000, 0x000000061b200000| Untracked 
| 211|0x000000061b400000, 0x000000061b400000, 0x000000061b600000|  0%| F|  |TAMS 0x000000061b400000, 0x000000061b400000| Untracked 
| 212|0x000000061b600000, 0x000000061b600000, 0x000000061b800000|  0%| F|  |TAMS 0x000000061b600000, 0x000000061b600000| Untracked 
| 213|0x000000061b800000, 0x000000061b800000, 0x000000061ba00000|  0%| F|  |TAMS 0x000000061b800000, 0x000000061b800000| Untracked 
| 214|0x000000061ba00000, 0x000000061ba00000, 0x000000061bc00000|  0%| F|  |TAMS 0x000000061ba00000, 0x000000061ba00000| Untracked 
| 215|0x000000061bc00000, 0x000000061bc00000, 0x000000061be00000|  0%| F|  |TAMS 0x000000061bc00000, 0x000000061bc00000| Untracked 
| 216|0x000000061be00000, 0x000000061be00000, 0x000000061c000000|  0%| F|  |TAMS 0x000000061be00000, 0x000000061be00000| Untracked 
| 217|0x000000061c000000, 0x000000061c000000, 0x000000061c200000|  0%| F|  |TAMS 0x000000061c000000, 0x000000061c000000| Untracked 
| 218|0x000000061c200000, 0x000000061c200000, 0x000000061c400000|  0%| F|  |TAMS 0x000000061c200000, 0x000000061c200000| Untracked 
| 219|0x000000061c400000, 0x000000061c400000, 0x000000061c600000|  0%| F|  |TAMS 0x000000061c400000, 0x000000061c400000| Untracked 
| 220|0x000000061c600000, 0x000000061c600000, 0x000000061c800000|  0%| F|  |TAMS 0x000000061c600000, 0x000000061c600000| Untracked 
| 221|0x000000061c800000, 0x000000061c800000, 0x000000061ca00000|  0%| F|  |TAMS 0x000000061c800000, 0x000000061c800000| Untracked 
| 222|0x000000061ca00000, 0x000000061ca00000, 0x000000061cc00000|  0%| F|  |TAMS 0x000000061ca00000, 0x000000061ca00000| Untracked 
| 223|0x000000061cc00000, 0x000000061cc00000, 0x000000061ce00000|  0%| F|  |TAMS 0x000000061cc00000, 0x000000061cc00000| Untracked 
| 224|0x000000061ce00000, 0x000000061ce00000, 0x000000061d000000|  0%| F|  |TAMS 0x000000061ce00000, 0x000000061ce00000| Untracked 
| 225|0x000000061d000000, 0x000000061d000000, 0x000000061d200000|  0%| F|  |TAMS 0x000000061d000000, 0x000000061d000000| Untracked 
| 226|0x000000061d200000, 0x000000061d200000, 0x000000061d400000|  0%| F|  |TAMS 0x000000061d200000, 0x000000061d200000| Untracked 
| 227|0x000000061d400000, 0x000000061d400000, 0x000000061d600000|  0%| F|  |TAMS 0x000000061d400000, 0x000000061d400000| Untracked 
| 228|0x000000061d600000, 0x000000061d600000, 0x000000061d800000|  0%| F|  |TAMS 0x000000061d600000, 0x000000061d600000| Untracked 
| 229|0x000000061d800000, 0x000000061d800000, 0x000000061da00000|  0%| F|  |TAMS 0x000000061d800000, 0x000000061d800000| Untracked 
| 230|0x000000061da00000, 0x000000061da00000, 0x000000061dc00000|  0%| F|  |TAMS 0x000000061da00000, 0x000000061da00000| Untracked 
| 231|0x000000061dc00000, 0x000000061dc00000, 0x000000061de00000|  0%| F|  |TAMS 0x000000061dc00000, 0x000000061dc00000| Untracked 
| 232|0x000000061de00000, 0x000000061de00000, 0x000000061e000000|  0%| F|  |TAMS 0x000000061de00000, 0x000000061de00000| Untracked 
| 233|0x000000061e000000, 0x000000061e000000, 0x000000061e200000|  0%| F|  |TAMS 0x000000061e000000, 0x000000061e000000| Untracked 
| 234|0x000000061e200000, 0x000000061e200000, 0x000000061e400000|  0%| F|  |TAMS 0x000000061e200000, 0x000000061e200000| Untracked 
| 235|0x000000061e400000, 0x000000061e400000, 0x000000061e600000|  0%| F|  |TAMS 0x000000061e400000, 0x000000061e400000| Untracked 
| 236|0x000000061e600000, 0x000000061e600000, 0x000000061e800000|  0%| F|  |TAMS 0x000000061e600000, 0x000000061e600000| Untracked 
| 237|0x000000061e800000, 0x000000061e800000, 0x000000061ea00000|  0%| F|  |TAMS 0x000000061e800000, 0x000000061e800000| Untracked 
| 238|0x000000061ea00000, 0x000000061ea00000, 0x000000061ec00000|  0%| F|  |TAMS 0x000000061ea00000, 0x000000061ea00000| Untracked 
| 239|0x000000061ec00000, 0x000000061ec00000, 0x000000061ee00000|  0%| F|  |TAMS 0x000000061ec00000, 0x000000061ec00000| Untracked 
| 240|0x000000061ee00000, 0x000000061ee00000, 0x000000061f000000|  0%| F|  |TAMS 0x000000061ee00000, 0x000000061ee00000| Untracked 
| 241|0x000000061f000000, 0x000000061f000000, 0x000000061f200000|  0%| F|  |TAMS 0x000000061f000000, 0x000000061f000000| Untracked 
| 242|0x000000061f200000, 0x000000061f200000, 0x000000061f400000|  0%| F|  |TAMS 0x000000061f200000, 0x000000061f200000| Untracked 
| 243|0x000000061f400000, 0x000000061f400000, 0x000000061f600000|  0%| F|  |TAMS 0x000000061f400000, 0x000000061f400000| Untracked 
| 244|0x000000061f600000, 0x000000061f600000, 0x000000061f800000|  0%| F|  |TAMS 0x000000061f600000, 0x000000061f600000| Untracked 
| 245|0x000000061f800000, 0x000000061f800000, 0x000000061fa00000|  0%| F|  |TAMS 0x000000061f800000, 0x000000061f800000| Untracked 
| 246|0x000000061fa00000, 0x000000061fa00000, 0x000000061fc00000|  0%| F|  |TAMS 0x000000061fa00000, 0x000000061fa00000| Untracked 
| 247|0x000000061fc00000, 0x000000061fc00000, 0x000000061fe00000|  0%| F|  |TAMS 0x000000061fc00000, 0x000000061fc00000| Untracked 
| 248|0x000000061fe00000, 0x000000061fe2cf08, 0x0000000620000000|  8%| S|CS|TAMS 0x000000061fe00000, 0x000000061fe00000| Complete 
| 249|0x0000000620000000, 0x0000000620200000, 0x0000000620200000|100%| S|CS|TAMS 0x0000000620000000, 0x0000000620000000| Complete 
| 250|0x0000000620200000, 0x0000000620400000, 0x0000000620400000|100%| S|CS|TAMS 0x0000000620200000, 0x0000000620200000| Complete 
| 251|0x0000000620400000, 0x0000000620400000, 0x0000000620600000|  0%| F|  |TAMS 0x0000000620400000, 0x0000000620400000| Untracked 
| 252|0x0000000620600000, 0x0000000620600000, 0x0000000620800000|  0%| F|  |TAMS 0x0000000620600000, 0x0000000620600000| Untracked 
| 253|0x0000000620800000, 0x0000000620800000, 0x0000000620a00000|  0%| F|  |TAMS 0x0000000620800000, 0x0000000620800000| Untracked 
| 254|0x0000000620a00000, 0x0000000620a00000, 0x0000000620c00000|  0%| F|  |TAMS 0x0000000620a00000, 0x0000000620a00000| Untracked 
| 255|0x0000000620c00000, 0x0000000620c00000, 0x0000000620e00000|  0%| F|  |TAMS 0x0000000620c00000, 0x0000000620c00000| Untracked 

Card table byte_map: [0x0000015b79750000,0x0000015b7a750000] _byte_map_base: 0x0000015b76749000

Marking Bits (Prev, Next): (CMBitMap*) 0x0000015b5e9312a8, (CMBitMap*) 0x0000015b5e9312e0
 Prev Bits: [0x0000015b00000000, 0x0000015b07fc8000)
 Next Bits: [0x0000015b07fd0000, 0x0000015b0ff98000)

Polling page: 0x0000015b5e6f0000

Metaspace:

Usage:
  Non-class:     13.72 MB capacity,    13.62 MB (>99%) used,    76.35 KB ( <1%) free+waste,    23.00 KB ( <1%) overhead. 
      Class:      1.60 MB capacity,     1.51 MB ( 95%) used,    75.89 KB (  5%) free+waste,    10.06 KB ( <1%) overhead. 
       Both:     15.31 MB capacity,    15.13 MB ( 99%) used,   152.24 KB ( <1%) free+waste,    33.06 KB ( <1%) overhead. 

Virtual space:
  Non-class space:       28.00 MB reserved,      13.75 MB ( 49%) committed 
      Class space:        1.00 GB reserved,       1.63 MB ( <1%) committed 
             Both:        1.03 GB reserved,      15.38 MB (  1%) committed 

Chunk freelists:
   Non-Class:  35.00 KB
       Class:  27.00 KB
        Both:  62.00 KB

MaxMetaspaceSize: 17179869184.00 GB
CompressedClassSpaceSize: 1.00 GB
Initial GC threshold: 20.80 MB
Current GC threshold: 21.12 MB
CDS: off

CodeHeap 'non-profiled nmethods': size=119168Kb used=452Kb max_used=452Kb free=118715Kb
 bounds [0x0000015b70330000, 0x0000015b705a0000, 0x0000015b77790000]
CodeHeap 'profiled nmethods': size=119168Kb used=2806Kb max_used=2806Kb free=116362Kb
 bounds [0x0000015b68ed0000, 0x0000015b69190000, 0x0000015b70330000]
CodeHeap 'non-nmethods': size=7424Kb used=2851Kb max_used=2863Kb free=4572Kb
 bounds [0x0000015b68790000, 0x0000015b68a60000, 0x0000015b68ed0000]
 total_blobs=1910 nmethods=1494 adapters=325
 compilation: enabled
              stopped_count=0, restarted_count=0
 full_count=0

Compilation events (20 events):
Event: 0.739 Thread 0x0000015b7f457800 nmethod 1484 0x0000015b69186510 code [0x0000015b69186700, 0x0000015b69186fb8]
Event: 0.739 Thread 0x0000015b7f280800 nmethod 1483 0x0000015b69187110 code [0x0000015b69187320, 0x0000015b69187798]
Event: 0.739 Thread 0x0000015b7f9ea800 nmethod 1485 0x0000015b69187910 code [0x0000015b69187ae0, 0x0000015b69188038]
Event: 0.739 Thread 0x0000015b7f280800 1487       3       java.lang.invoke.LambdaForm$MH/0x0000000800093840::invoke (155 bytes)
Event: 0.739 Thread 0x0000015b7f280800 nmethod 1487 0x0000015b69188190 code [0x0000015b69188420, 0x0000015b691894f8]
Event: 0.739 Thread 0x0000015b7f9fc800 nmethod 1486 0x0000015b69189910 code [0x0000015b69189ba0, 0x0000015b6918a668]
Event: 0.744 Thread 0x0000015b7f457800 1488       3       java.util.Arrays::rangeCheck (74 bytes)
Event: 0.744 Thread 0x0000015b7f9fc800 1489       3       java.util.Arrays::fill (28 bytes)
Event: 0.744 Thread 0x0000015b7f9fc800 nmethod 1489 0x0000015b6918aa90 code [0x0000015b6918ac60, 0x0000015b6918ae68]
Event: 0.745 Thread 0x0000015b7fdb6800 1490 %     4       java.util.Arrays::fill @ 10 (28 bytes)
Event: 0.745 Thread 0x0000015b7f457800 nmethod 1488 0x0000015b6918af90 code [0x0000015b6918b260, 0x0000015b6918bf28]
Event: 0.747 Thread 0x0000015b7f9ea800 1491       3       com.sun.org.apache.xerces.internal.util.XMLChar::isContent (35 bytes)
Event: 0.747 Thread 0x0000015b7f9ea800 nmethod 1491 0x0000015b6918c410 code [0x0000015b6918c5c0, 0x0000015b6918c7d8]
Event: 0.748 Thread 0x0000015b7fdb6800 nmethod 1490% 0x0000015b703a0f10 code [0x0000015b703a10a0, 0x0000015b703a1298]
Event: 0.749 Thread 0x0000015b7f280800 1492       3       java.lang.invoke.MethodHandleNatives::refKindIsField (32 bytes)
Event: 0.749 Thread 0x0000015b7f280800 nmethod 1492 0x0000015b6918c890 code [0x0000015b6918ca40, 0x0000015b6918cb98]
Event: 0.750 Thread 0x0000015b7f9fc800 1493       3       java.util.regex.Pattern$Node::<init> (12 bytes)
Event: 0.750 Thread 0x0000015b7f9fc800 nmethod 1493 0x0000015b6918cc10 code [0x0000015b6918cdc0, 0x0000015b6918cf98]
Event: 0.750 Thread 0x0000015b7f457800 1494       3       java.util.regex.Pattern$Start::match (90 bytes)
Event: 0.750 Thread 0x0000015b7f457800 nmethod 1494 0x0000015b6918d090 code [0x0000015b6918d260, 0x0000015b6918d648]

GC Heap History (4 events):
Event: 0.603 GC heap before
{Heap before GC invocations=0 (full 0):
 garbage-first heap   total 524288K, used 22528K [0x0000000600e00000, 0x0000000800000000)
  region size 2048K, 12 young (24576K), 0 survivors (0K)
 Metaspace       used 12970K, capacity 13127K, committed 13440K, reserved 1060864K
  class space    used 1271K, capacity 1350K, committed 1408K, reserved 1048576K
}
Event: 0.607 GC heap after
{Heap after GC invocations=1 (full 0):
 garbage-first heap   total 524288K, used 3072K [0x0000000600e00000, 0x0000000800000000)
  region size 2048K, 2 young (4096K), 2 survivors (4096K)
 Metaspace       used 12970K, capacity 13127K, committed 13440K, reserved 1060864K
  class space    used 1271K, capacity 1350K, committed 1408K, reserved 1048576K
}
Event: 0.752 GC heap before
{Heap before GC invocations=1 (full 0):
 garbage-first heap   total 524288K, used 11264K [0x0000000600e00000, 0x0000000800000000)
  region size 2048K, 7 young (14336K), 2 survivors (4096K)
 Metaspace       used 15496K, capacity 15682K, committed 15744K, reserved 1075200K
  class space    used 1551K, capacity 1637K, committed 1664K, reserved 1048576K
}
Event: 0.755 GC heap after
{Heap after GC invocations=2 (full 0):
 garbage-first heap   total 524288K, used 4275K [0x0000000600e00000, 0x0000000800000000)
  region size 2048K, 3 young (6144K), 3 survivors (6144K)
 Metaspace       used 15496K, capacity 15682K, committed 15744K, reserved 1075200K
  class space    used 1551K, capacity 1637K, committed 1664K, reserved 1048576K
}

Deoptimization events (20 events):
Event: 0.661 Thread 0x0000015b5e8a4000 Uncommon trap: trap_request=0xffffffc6 fr.pc=0x0000015b7038929c relative=0x000000000000097c
Event: 0.661 Thread 0x0000015b5e8a4000 Uncommon trap: reason=bimorphic_or_optimized_type_check action=maybe_recompile pc=0x0000015b7038929c method=java.util.HashMap.putVal(ILjava/lang/Object;Ljava/lang/Object;ZZ)Ljava/lang/Object; @ 91 c2
Event: 0.661 Thread 0x0000015b5e8a4000 DEOPT PACKING pc=0x0000015b7038929c sp=0x0000003c7ccfdda0
Event: 0.661 Thread 0x0000015b5e8a4000 DEOPT UNPACKING pc=0x0000015b687da1af sp=0x0000003c7ccfdd30 mode 2
Event: 0.661 Thread 0x0000015b5e8a4000 Uncommon trap: trap_request=0xffffffc6 fr.pc=0x0000015b7038929c relative=0x000000000000097c
Event: 0.661 Thread 0x0000015b5e8a4000 Uncommon trap: reason=bimorphic_or_optimized_type_check action=maybe_recompile pc=0x0000015b7038929c method=java.util.HashMap.putVal(ILjava/lang/Object;Ljava/lang/Object;ZZ)Ljava/lang/Object; @ 91 c2
Event: 0.661 Thread 0x0000015b5e8a4000 DEOPT PACKING pc=0x0000015b7038929c sp=0x0000003c7ccfdda0
Event: 0.662 Thread 0x0000015b5e8a4000 DEOPT UNPACKING pc=0x0000015b687da1af sp=0x0000003c7ccfdd30 mode 2
Event: 0.662 Thread 0x0000015b5e8a4000 Uncommon trap: trap_request=0xffffffc6 fr.pc=0x0000015b7038929c relative=0x000000000000097c
Event: 0.662 Thread 0x0000015b5e8a4000 Uncommon trap: reason=bimorphic_or_optimized_type_check action=maybe_recompile pc=0x0000015b7038929c method=java.util.HashMap.putVal(ILjava/lang/Object;Ljava/lang/Object;ZZ)Ljava/lang/Object; @ 91 c2
Event: 0.662 Thread 0x0000015b5e8a4000 DEOPT PACKING pc=0x0000015b7038929c sp=0x0000003c7ccfdda0
Event: 0.662 Thread 0x0000015b5e8a4000 DEOPT UNPACKING pc=0x0000015b687da1af sp=0x0000003c7ccfdd30 mode 2
Event: 0.662 Thread 0x0000015b5e8a4000 Uncommon trap: trap_request=0xffffffc6 fr.pc=0x0000015b7038929c relative=0x000000000000097c
Event: 0.662 Thread 0x0000015b5e8a4000 Uncommon trap: reason=bimorphic_or_optimized_type_check action=maybe_recompile pc=0x0000015b7038929c method=java.util.HashMap.putVal(ILjava/lang/Object;Ljava/lang/Object;ZZ)Ljava/lang/Object; @ 91 c2
Event: 0.662 Thread 0x0000015b5e8a4000 DEOPT PACKING pc=0x0000015b7038929c sp=0x0000003c7ccfdda0
Event: 0.662 Thread 0x0000015b5e8a4000 DEOPT UNPACKING pc=0x0000015b687da1af sp=0x0000003c7ccfdd30 mode 2
Event: 0.736 Thread 0x0000015b5e8a4000 Uncommon trap: trap_request=0xffffff4d fr.pc=0x0000015b703831f8 relative=0x0000000000000238
Event: 0.736 Thread 0x0000015b5e8a4000 Uncommon trap: reason=unstable_if action=reinterpret pc=0x0000015b703831f8 method=java.lang.String.startsWith(Ljava/lang/String;I)Z @ 14 c2
Event: 0.736 Thread 0x0000015b5e8a4000 DEOPT PACKING pc=0x0000015b703831f8 sp=0x0000003c7ccfe7d0
Event: 0.736 Thread 0x0000015b5e8a4000 DEOPT UNPACKING pc=0x0000015b687da1af sp=0x0000003c7ccfe738 mode 2

Classes redefined (0 events):
No events

Internal exceptions (20 events):
Event: 0.456 Thread 0x0000015b5e8a4000 Exception <a 'sun/nio/fs/WindowsException'{0x000000061fe39c78}> (0x000000061fe39c78) thrown at [./src/hotspot/share/prims/jni.cpp, line 616]
Event: 0.456 Thread 0x0000015b5e8a4000 Exception <a 'sun/nio/fs/WindowsException'{0x000000061fe3a048}> (0x000000061fe3a048) thrown at [./src/hotspot/share/prims/jni.cpp, line 616]
Event: 0.457 Thread 0x0000015b5e8a4000 Exception <a 'sun/nio/fs/WindowsException'{0x000000061fe3bc70}> (0x000000061fe3bc70) thrown at [./src/hotspot/share/prims/jni.cpp, line 616]
Event: 0.457 Thread 0x0000015b5e8a4000 Exception <a 'sun/nio/fs/WindowsException'{0x000000061fe3c030}> (0x000000061fe3c030) thrown at [./src/hotspot/share/prims/jni.cpp, line 616]
Event: 0.457 Thread 0x0000015b5e8a4000 Exception <a 'sun/nio/fs/WindowsException'{0x000000061fe3dac8}> (0x000000061fe3dac8) thrown at [./src/hotspot/share/prims/jni.cpp, line 616]
Event: 0.457 Thread 0x0000015b5e8a4000 Exception <a 'sun/nio/fs/WindowsException'{0x000000061fe3de58}> (0x000000061fe3de58) thrown at [./src/hotspot/share/prims/jni.cpp, line 616]
Event: 0.457 Thread 0x0000015b5e8a4000 Exception <a 'sun/nio/fs/WindowsException'{0x000000061fe3eda8}> (0x000000061fe3eda8) thrown at [./src/hotspot/share/prims/jni.cpp, line 616]
Event: 0.457 Thread 0x0000015b5e8a4000 Exception <a 'sun/nio/fs/WindowsException'{0x000000061fe3f158}> (0x000000061fe3f158) thrown at [./src/hotspot/share/prims/jni.cpp, line 616]
Event: 0.458 Thread 0x0000015b5e8a4000 Exception <a 'sun/nio/fs/WindowsException'{0x000000061fe41cd8}> (0x000000061fe41cd8) thrown at [./src/hotspot/share/prims/jni.cpp, line 616]
Event: 0.458 Thread 0x0000015b5e8a4000 Exception <a 'sun/nio/fs/WindowsException'{0x000000061fe42068}> (0x000000061fe42068) thrown at [./src/hotspot/share/prims/jni.cpp, line 616]
Event: 0.458 Thread 0x0000015b5e8a4000 Exception <a 'sun/nio/fs/WindowsException'{0x000000061fe42fc0}> (0x000000061fe42fc0) thrown at [./src/hotspot/share/prims/jni.cpp, line 616]
Event: 0.458 Thread 0x0000015b5e8a4000 Exception <a 'sun/nio/fs/WindowsException'{0x000000061fe43378}> (0x000000061fe43378) thrown at [./src/hotspot/share/prims/jni.cpp, line 616]
Event: 0.517 Thread 0x0000015b5e8a4000 Exception <a 'java/lang/NullPointerException'{0x000000061fb332b0}> (0x000000061fb332b0) thrown at [./src/hotspot/share/interpreter/linkResolver.cpp, line 1440]
Event: 0.686 Thread 0x0000015b5e8a4000 Exception <a 'java/lang/NoSuchMethodError'{0x000000062072da70}: 'int java.lang.invoke.DirectMethodHandle$Holder.invokeStatic(java.lang.Object, java.lang.Object, int, java.lang.Object)'> (0x000000062072da70) thrown at [./src/hotspot/share/interpreter/linkResolver.cpp, line 773]
Event: 0.686 Thread 0x0000015b5e8a4000 Exception <a 'java/lang/NoSuchMethodError'{0x0000000620734888}: 'java.lang.Object java.lang.invoke.Invokers$Holder.linkToTargetMethod(java.lang.Object, int, java.lang.Object)'> (0x0000000620734888) thrown at [./src/hotspot/share/interpreter/linkResolver.cpp, line 773]
Event: 0.699 Thread 0x0000015b5e8a4000 Exception <a 'java/lang/NoSuchMethodError'{0x00000006207a6280}: 'java.lang.Object java.lang.invoke.DirectMethodHandle$Holder.invokeStatic(java.lang.Object, java.lang.Object, java.lang.Object, java.lang.Object, java.lang.Object, java.lang.Object, java.lang.Object, java.lang.Object, java.lang.Object, java.lang.Object, java.lang.Object, java.lang.Object, java.lang.Object, java.lang.Object, java.lang.Object)'> (0x00000006207a6280) thrown at [./src/hotspot/share/interpreter/linkResolver.cpp, line 773]
Event: 0.700 Thread 0x0000015b5e8a4000 Exception <a 'java/lang/NoSuchMethodError'{0x00000006207b3fe0}: 'java.lang.Object java.lang.invoke.DirectMethodHandle$Holder.invokeStatic(java.lang.Object, java.lang.Object, java.lang.Object, java.lang.Object, java.lang.Object, java.lang.Object, java.lang.Object, java.lang.Object, java.lang.Object, java.lang.Object, java.lang.Object, java.lang.Object, java.lang.Object, java.lang.Object, java.lang.Object, java.lang.Object)'> (0x00000006207b3fe0) thrown at [./src/hotspot/share/interpreter/linkResolver.cpp, l
Event: 0.701 Thread 0x0000015b5e8a4000 Exception <a 'java/lang/NoSuchMethodError'{0x00000006207c1c50}: 'java.lang.Object java.lang.invoke.DirectMethodHandle$Holder.invokeSpecial(java.lang.Object, java.lang.Object, int, int, java.lang.Object, java.lang.Object, java.lang.Object)'> (0x00000006207c1c50) thrown at [./src/hotspot/share/interpreter/linkResolver.cpp, line 773]
Event: 0.701 Thread 0x0000015b5e8a4000 Exception <a 'java/lang/NoSuchMethodError'{0x00000006207c51e0}: 'java.lang.Object java.lang.invoke.DelegatingMethodHandle$Holder.reinvoke_L(java.lang.Object, int, int, java.lang.Object, java.lang.Object, java.lang.Object)'> (0x00000006207c51e0) thrown at [./src/hotspot/share/interpreter/linkResolver.cpp, line 773]
Event: 0.702 Thread 0x0000015b5e8a4000 Exception <a 'java/lang/NoSuchMethodError'{0x00000006207c91b8}: 'java.lang.Object java.lang.invoke.DirectMethodHandle$Holder.invokeStatic(java.lang.Object, java.lang.Object, java.lang.Object, java.lang.Object, int)'> (0x00000006207c91b8) thrown at [./src/hotspot/share/interpreter/linkResolver.cpp, line 773]

Events (20 events):
Event: 0.747 loading class com/sun/org/apache/xerces/internal/impl/Constants$ArrayEnumeration done
Event: 0.747 loading class org/xml/sax/helpers/AttributesImpl
Event: 0.748 loading class org/xml/sax/helpers/AttributesImpl done
Event: 0.748 loading class jdk/internal/reflect/UnsafeFieldAccessorFactory
Event: 0.748 loading class jdk/internal/reflect/UnsafeFieldAccessorFactory done
Event: 0.749 loading class jdk/internal/reflect/UnsafeObjectFieldAccessorImpl
Event: 0.749 loading class jdk/internal/reflect/UnsafeObjectFieldAccessorImpl done
Event: 0.749 loading class java/util/regex/Pattern$Behind
Event: 0.749 loading class java/util/regex/Pattern$Behind done
Event: 0.750 loading class java/util/regex/Pattern$NotBehind
Event: 0.750 loading class java/util/regex/Pattern$NotBehind done
Event: 0.750 loading class java/util/regex/Pattern$Neg
Event: 0.750 loading class java/util/regex/Pattern$Neg done
Event: 0.750 loading class com/sun/xml/bind/DatatypeConverterImpl
Event: 0.750 loading class com/sun/xml/bind/DatatypeConverterImpl done
Event: 0.751 loading class javax/xml/bind/DatatypeConverterInterface
Event: 0.751 loading class javax/xml/bind/DatatypeConverterInterface done
Event: 0.751 loading class javax/xml/datatype/DatatypeConfigurationException
Event: 0.752 loading class javax/xml/datatype/DatatypeConfigurationException done
Event: 0.752 Executing VM operation: CollectForMetadataAllocation


Dynamic libraries:
0x00007ff6f9740000 - 0x00007ff6f974d000 	D:\ProgramFiles\Unity\2022.3.13f1\Editor\Data\PlaybackEngines\AndroidPlayer\OpenJDK\bin\java.exe
0x00007ffdad1d0000 - 0x00007ffdad3e4000 	C:\Windows\SYSTEM32\ntdll.dll
0x00007ffda5a10000 - 0x00007ffda5a29000 	C:\Program Files\AVG\Antivirus\aswhook.dll
0x00007ffdac7f0000 - 0x00007ffdac8b2000 	C:\Windows\System32\KERNEL32.DLL
0x00007ffdaa6d0000 - 0x00007ffdaaa6c000 	C:\Windows\System32\KERNELBASE.dll
0x00007ffdaaaa0000 - 0x00007ffdaabb1000 	C:\Windows\System32\ucrtbase.dll
0x00007ffd5c770000 - 0x00007ffd5c787000 	D:\ProgramFiles\Unity\2022.3.13f1\Editor\Data\PlaybackEngines\AndroidPlayer\OpenJDK\bin\jli.dll
0x00007ffd4ca30000 - 0x00007ffd4ca45000 	D:\ProgramFiles\Unity\2022.3.13f1\Editor\Data\PlaybackEngines\AndroidPlayer\OpenJDK\bin\VCRUNTIME140.dll
0x00007ffdac580000 - 0x00007ffdac72b000 	C:\Windows\System32\USER32.dll
0x00007ffd8aa60000 - 0x00007ffd8acee000 	C:\Windows\WinSxS\amd64_microsoft.windows.common-controls_6595b64144ccf1df_6.0.22621.317_none_a9434687c10c9fa2\COMCTL32.dll
0x00007ffdaaa70000 - 0x00007ffdaaa96000 	C:\Windows\System32\win32u.dll
0x00007ffdacb80000 - 0x00007ffdacc27000 	C:\Windows\System32\msvcrt.dll
0x00007ffdab000000 - 0x00007ffdab029000 	C:\Windows\System32\GDI32.dll
0x00007ffdaae50000 - 0x00007ffdaaf62000 	C:\Windows\System32\gdi32full.dll
0x00007ffdaadb0000 - 0x00007ffdaae4a000 	C:\Windows\System32\msvcp_win.dll
0x00007ffdac7b0000 - 0x00007ffdac7e1000 	C:\Windows\System32\IMM32.DLL
0x00007ffd3d360000 - 0x00007ffd3d3fb000 	D:\ProgramFiles\Unity\2022.3.13f1\Editor\Data\PlaybackEngines\AndroidPlayer\OpenJDK\bin\msvcp140.dll
0x00007ffd056d0000 - 0x00007ffd06251000 	D:\ProgramFiles\Unity\2022.3.13f1\Editor\Data\PlaybackEngines\AndroidPlayer\OpenJDK\bin\server\jvm.dll
0x00007ffdad040000 - 0x00007ffdad0ee000 	C:\Windows\System32\ADVAPI32.dll
0x00007ffdab4a0000 - 0x00007ffdab544000 	C:\Windows\System32\sechost.dll
0x00007ffdaca60000 - 0x00007ffdacb75000 	C:\Windows\System32\RPCRT4.dll
0x00007ffdac8c0000 - 0x00007ffdac8c8000 	C:\Windows\System32\PSAPI.DLL
0x00007ffd951d0000 - 0x00007ffd951d9000 	C:\Windows\SYSTEM32\WSOCK32.dll
0x00007ffda4ad0000 - 0x00007ffda4b04000 	C:\Windows\SYSTEM32\WINMM.dll
0x00007ffda04b0000 - 0x00007ffda04ba000 	C:\Windows\SYSTEM32\VERSION.dll
0x00007ffdac9e0000 - 0x00007ffdaca51000 	C:\Windows\System32\WS2_32.dll
0x00007ffda9670000 - 0x00007ffda9688000 	C:\Windows\SYSTEM32\kernel.appcore.dll
0x00007ffd5c760000 - 0x00007ffd5c770000 	D:\ProgramFiles\Unity\2022.3.13f1\Editor\Data\PlaybackEngines\AndroidPlayer\OpenJDK\bin\verify.dll
0x00007ffda7c40000 - 0x00007ffda7e6e000 	C:\Windows\SYSTEM32\DBGHELP.DLL
0x00007ffdab030000 - 0x00007ffdab3b9000 	C:\Windows\System32\combase.dll
0x00007ffdab3c0000 - 0x00007ffdab497000 	C:\Windows\System32\OLEAUT32.dll
0x00007ffd9fa10000 - 0x00007ffd9fa42000 	C:\Windows\SYSTEM32\dbgcore.DLL
0x00007ffdaad30000 - 0x00007ffdaadab000 	C:\Windows\System32\bcryptPrimitives.dll
0x00007ffd4ca00000 - 0x00007ffd4ca28000 	D:\ProgramFiles\Unity\2022.3.13f1\Editor\Data\PlaybackEngines\AndroidPlayer\OpenJDK\bin\java.dll
0x00007ffd5c700000 - 0x00007ffd5c70a000 	D:\ProgramFiles\Unity\2022.3.13f1\Editor\Data\PlaybackEngines\AndroidPlayer\OpenJDK\bin\jimage.dll
0x00007ffd4bb60000 - 0x00007ffd4bb78000 	D:\ProgramFiles\Unity\2022.3.13f1\Editor\Data\PlaybackEngines\AndroidPlayer\OpenJDK\bin\zip.dll
0x00007ffdab800000 - 0x00007ffdabfdb000 	C:\Windows\System32\SHELL32.dll
0x00007ffda8650000 - 0x00007ffda8f05000 	C:\Windows\SYSTEM32\windows.storage.dll
0x00007ffda8510000 - 0x00007ffda864d000 	C:\Windows\SYSTEM32\wintypes.dll
0x00007ffdac8d0000 - 0x00007ffdac9c1000 	C:\Windows\System32\SHCORE.dll
0x00007ffdac750000 - 0x00007ffdac7ae000 	C:\Windows\System32\shlwapi.dll
0x00007ffdaa540000 - 0x00007ffdaa561000 	C:\Windows\SYSTEM32\profapi.dll
0x00007ffd4b5e0000 - 0x00007ffd4b5f9000 	D:\ProgramFiles\Unity\2022.3.13f1\Editor\Data\PlaybackEngines\AndroidPlayer\OpenJDK\bin\net.dll
0x00007ffda55e0000 - 0x00007ffda570f000 	C:\Windows\SYSTEM32\WINHTTP.dll
0x00007ffda9ad0000 - 0x00007ffda9b39000 	C:\Windows\system32\mswsock.dll
0x00007ffd4b1a0000 - 0x00007ffd4b1b3000 	D:\ProgramFiles\Unity\2022.3.13f1\Editor\Data\PlaybackEngines\AndroidPlayer\OpenJDK\bin\nio.dll

dbghelp: loaded successfully - version: 4.0.5 - missing functions: none
symbol engine: initialized successfully - sym options: 0x614 - pdb path: .;D:\ProgramFiles\Unity\2022.3.13f1\Editor\Data\PlaybackEngines\AndroidPlayer\OpenJDK\bin;C:\Windows\SYSTEM32;C:\Program Files\AVG\Antivirus;C:\Windows\WinSxS\amd64_microsoft.windows.common-controls_6595b64144ccf1df_6.0.22621.317_none_a9434687c10c9fa2;D:\ProgramFiles\Unity\2022.3.13f1\Editor\Data\PlaybackEngines\AndroidPlayer\OpenJDK\bin\server

VM Arguments:
jvm_args: -Dfile.encoding=UTF-8 -Dcom.android.sdklib.toolsdir=D:\ProgramFiles\Unity\2022.3.13f1\Editor\Data\PlaybackEngines\AndroidPlayer\SDK\cmdline-tools\6.0\bin\\.. 
java_command: com.android.sdklib.tool.sdkmanager.SdkManagerCli --list
java_class_path (initial): D:\ProgramFiles\Unity\2022.3.13f1\Editor\Data\PlaybackEngines\AndroidPlayer\SDK\cmdline-tools\6.0\bin\..\lib\sdkmanager-classpath.jar
Launcher Type: SUN_STANDARD

[Global flags]
     intx CICompilerCount                          = 12                                        {product} {ergonomic}
     uint ConcGCThreads                            = 3                                         {product} {ergonomic}
     uint G1ConcRefinementThreads                  = 13                                        {product} {ergonomic}
   size_t G1HeapRegionSize                         = 2097152                                   {product} {ergonomic}
    uintx GCDrainStackTargetSize                   = 64                                        {product} {ergonomic}
   size_t InitialHeapSize                          = 536870912                                 {product} {ergonomic}
   size_t MarkStackSize                            = 4194304                                   {product} {ergonomic}
   size_t MaxHeapSize                              = 8575254528                                {product} {ergonomic}
   size_t MaxNewSize                               = 5144313856                                {product} {ergonomic}
   size_t MinHeapDeltaBytes                        = 2097152                                   {product} {ergonomic}
    uintx NonNMethodCodeHeapSize                   = 7594288                                {pd product} {ergonomic}
    uintx NonProfiledCodeHeapSize                  = 122031976                              {pd product} {ergonomic}
    uintx ProfiledCodeHeapSize                     = 122031976                              {pd product} {ergonomic}
    uintx ReservedCodeCacheSize                    = 251658240                              {pd product} {ergonomic}
     bool SegmentedCodeCache                       = true                                      {product} {ergonomic}
     bool UseCompressedClassPointers               = true                                 {lp64_product} {ergonomic}
     bool UseCompressedOops                        = true                                 {lp64_product} {ergonomic}
     bool UseG1GC                                  = true                                      {product} {ergonomic}
     bool UseLargePagesIndividualAllocation        = false                                  {pd product} {ergonomic}

Logging:
Log output configuration:
 #0: stdout all=warning uptime,level,tags
 #1: stderr all=off uptime,level,tags

Environment Variables:
JAVA_HOME=D:\ProgramFiles\Unity\2022.3.13f1\Editor\Data\PlaybackEngines\AndroidPlayer\OpenJDK
JAVA_TOOL_OPTIONS=-Dfile.encoding=UTF-8
CLASSPATH=D:\ProgramFiles\Unity\2022.3.13f1\Editor\Data\PlaybackEngines\AndroidPlayer\SDK\cmdline-tools\6.0\bin\..\lib\sdkmanager-classpath.jar
PATH=C:\Python312\Scripts\;C:\Python312\;C:\Windows\system32;C:\Windows;C:\Windows\System32\Wbem;C:\Windows\System32\WindowsPowerShell\v1.0\;C:\Windows\System32\OpenSSH\;D:\ProgramFiles\TortoiseGit\bin;C:\Program Files\dotnet\;C:\Program Files\Git\cmd;C:\Program Files\Microsoft VS Code\bin;D:\ProgramFiles\MPV;C:\Program Files\Mullvad VPN\resources;D:\ProgramFiles\chocolatey\bin;D:\ProgramFiles\NodeJS\;D:\ProgramFiles\Unity\2022.3.13f1\Editor\Data\PlaybackEngines\AndroidPlayer\SDK\platform-tools;C:\Users\Admin\AppData\Local\Microsoft\WindowsApps;C:\Users\Admin\AppData\Local\Programs\oh-my-posh\bin;D:\ProgramFiles\Microsoft VS Code\Microsoft VS Code\bin;C:\Users\Admin\AppData\Local\gitkraken\bin;C:\Users\Admin\.dotnet\tools;C:\Users\Admin\AppData\Local\JetBrains\Toolbox\scripts;C:\Users\Admin\AppData\Roaming\npm
USERNAME=Admin
OS=Windows_NT
PROCESSOR_IDENTIFIER=AMD64 Family 25 Model 33 Stepping 0, AuthenticAMD



---------------  S Y S T E M  ---------------

OS: Windows 11 , 64 bit Build 22621 (10.0.22621.457)
OS uptime: 9 days 20:24 hours

CPU:total 16 (initial active 16) (16 cores per cpu, 2 threads per core) family 25 model 33 stepping 0 microcode 0x0, cmov, cx8, fxsr, mmx, sse, sse2, sse3, ssse3, sse4.1, sse4.2, popcnt, avx, avx2, aes, clmul, erms, mmxext, 3dnowpref, lzcnt, sse4a, ht, tsc, tscinvbit, tscinv, bmi1, bmi2, adx, sha, fma

Memory: 4k page, system-wide physical 32711M (589M free)
TotalPageFile size 49095M (AvailPageFile size 0M)
current process WorkingSet (physical memory assigned to process): 99M, peak: 99M
current process commit charge ("private bytes"): 639M, peak: 640M

vm_info: OpenJDK 64-Bit Server VM (11.0.14.1+1) for windows-amd64 JRE (11.0.14.1+1), built on Feb  9 2022 01:48:27 by "" with unknown MS VC++:1916

END.
