#
# There is insufficient memory for the Java Runtime Environment to continue.
# Native memory allocation (mmap) failed to map 536870912 bytes for Failed to commit area from 0x0000000600e00000 to 0x0000000620e00000 of length 536870912.
# Possible reasons:
#   The system is out of physical RAM or swap space
#   The process is running with CompressedOops enabled, and the Java Heap may be blocking the growth of the native heap
# Possible solutions:
#   Reduce memory load on the system
#   Increase physical memory or swap space
#   Check if swap backing store is full
#   Decrease Java heap size (-Xmx/-Xms)
#   Decrease number of Java threads
#   Decrease Java thread stack sizes (-Xss)
#   Set larger code cache with -XX:ReservedCodeCacheSize=
# This output file may be truncated or incomplete.
#
#  Out of Memory Error (./src/hotspot/os/windows/os_windows.cpp:3387), pid=48704, tid=20344
#
# JRE version:  (11.0.14.1+1) (build )
# Java VM: OpenJDK 64-Bit Server VM (11.0.14.1+1, mixed mode, sharing, tiered, compressed oops, g1 gc, windows-amd64)
# No core dump will be written. Minidumps are not enabled by default on client versions of Windows
#

---------------  S U M M A R Y ------------

Command Line: -Dfile.encoding=UTF-8 

Host: AMD Ryzen 7 5800X 8-Core Processor             , 16 cores, 31G,  Windows 11 , 64 bit Build 22621 (10.0.22621.457)
Time: Mon Jan 22 04:22:33 2024 W. Europe Standard Time elapsed time: 0.071998 seconds (0d 0h 0m 0s)

---------------  T H R E A D  ---------------

Current thread (0x00000237c1283000):  JavaThread "Unknown thread" [_thread_in_vm, id=20344, stack(0x000000da2fa00000,0x000000da2fb00000)]

Stack: [0x000000da2fa00000,0x000000da2fb00000]
Native frames: (J=compiled Java code, j=interpreted, Vv=VM code, C=native code)
V  [jvm.dll+0x61e59a]
V  [jvm.dll+0x7aaca9]
V  [jvm.dll+0x7ac398]
V  [jvm.dll+0x7aca73]
V  [jvm.dll+0x24f9b8]
V  [jvm.dll+0x61b83a]
V  [jvm.dll+0x6100c5]
V  [jvm.dll+0x30772c]
V  [jvm.dll+0x3075b2]
V  [jvm.dll+0x30c2d6]
V  [jvm.dll+0x35272f]
V  [jvm.dll+0x352160]
V  [jvm.dll+0x2e4728]
V  [jvm.dll+0x2e5886]
V  [jvm.dll+0x784b07]
V  [jvm.dll+0x78628f]
V  [jvm.dll+0x35f479]
V  [jvm.dll+0x767aa0]
V  [jvm.dll+0x3ccf1f]
V  [jvm.dll+0x3cf2b1]
C  [jli.dll+0x5207]
C  [ucrtbase.dll+0x29363]
C  [KERNEL32.DLL+0x1244d]
C  [ntdll.dll+0x5df78]


---------------  P R O C E S S  ---------------

Threads class SMR info:
_java_thread_list=0x00000237bf0054c0, length=0, elements={
}

Java Threads: ( => current thread )

Other Threads:
  0x00000237c129c800 GCTaskThread "GC Thread#0" [stack: 0x000000da2fb00000,0x000000da2fc00000] [id=6540]
  0x00000237c131f800 ConcurrentGCThread "G1 Main Marker" [stack: 0x000000da2fc00000,0x000000da2fd00000] [id=26876]
  0x00000237c1322800 ConcurrentGCThread "G1 Conc#0" [stack: 0x000000da2fd00000,0x000000da2fe00000] [id=42320]

[error occurred during error reporting (printing all threads), id 0xc0000005, EXCEPTION_ACCESS_VIOLATION (0xc0000005) at pc=0x00007ffb23723ef7]

VM state:not at safepoint (not fully initialized)

VM Mutex/Monitor currently owned by a thread:  ([mutex/lock_event])
[0x00000237c127ee70] Heap_lock - owner thread: 0x00000237c1283000

Heap address: 0x0000000600e00000, size: 8178 MB, Compressed Oops mode: Non-zero based: 0x0000000600e00000
Narrow klass base: 0x0000000000000000, Narrow klass shift: 0

GC Heap History (0 events):
No events

Deoptimization events (0 events):
No events

Classes redefined (0 events):
No events

Internal exceptions (0 events):
No events

Events (1 events):
Event: 0.049 Loaded shared library D:\ProgramFiles\Unity\2022.3.13f1\Editor\Data\PlaybackEngines\AndroidPlayer\OpenJDK\bin\zip.dll


Dynamic libraries:
0x00007ff71cfc0000 - 0x00007ff71cfcd000 	D:\ProgramFiles\Unity\2022.3.13f1\Editor\Data\PlaybackEngines\AndroidPlayer\OpenJDK\bin\java.exe
0x00007ffba7910000 - 0x00007ffba7b24000 	C:\Windows\SYSTEM32\ntdll.dll
0x00007ffb85100000 - 0x00007ffb85119000 	C:\Program Files\AVG\Antivirus\aswhook.dll
0x00007ffba6f10000 - 0x00007ffba6fd2000 	C:\Windows\System32\KERNEL32.DLL
0x00007ffba5380000 - 0x00007ffba571c000 	C:\Windows\System32\KERNELBASE.dll
0x00007ffba4f90000 - 0x00007ffba50a1000 	C:\Windows\System32\ucrtbase.dll
0x00007ffb81340000 - 0x00007ffb81355000 	D:\ProgramFiles\Unity\2022.3.13f1\Editor\Data\PlaybackEngines\AndroidPlayer\OpenJDK\bin\VCRUNTIME140.dll
0x00007ffb7d040000 - 0x00007ffb7d057000 	D:\ProgramFiles\Unity\2022.3.13f1\Editor\Data\PlaybackEngines\AndroidPlayer\OpenJDK\bin\jli.dll
0x00007ffba72f0000 - 0x00007ffba749b000 	C:\Windows\System32\USER32.dll
0x00007ffb85630000 - 0x00007ffb858be000 	C:\Windows\WinSxS\amd64_microsoft.windows.common-controls_6595b64144ccf1df_6.0.22621.317_none_a9434687c10c9fa2\COMCTL32.dll
0x00007ffba5350000 - 0x00007ffba5376000 	C:\Windows\System32\win32u.dll
0x00007ffba64b0000 - 0x00007ffba6557000 	C:\Windows\System32\msvcrt.dll
0x00007ffba78a0000 - 0x00007ffba78c9000 	C:\Windows\System32\GDI32.dll
0x00007ffba4e70000 - 0x00007ffba4f82000 	C:\Windows\System32\gdi32full.dll
0x00007ffba4dd0000 - 0x00007ffba4e6a000 	C:\Windows\System32\msvcp_win.dll
0x00007ffba75a0000 - 0x00007ffba75d1000 	C:\Windows\System32\IMM32.DLL
0x00007ffb31fd0000 - 0x00007ffb3206b000 	D:\ProgramFiles\Unity\2022.3.13f1\Editor\Data\PlaybackEngines\AndroidPlayer\OpenJDK\bin\msvcp140.dll
0x00007ffb23430000 - 0x00007ffb23fb1000 	D:\ProgramFiles\Unity\2022.3.13f1\Editor\Data\PlaybackEngines\AndroidPlayer\OpenJDK\bin\server\jvm.dll
0x00007ffba6050000 - 0x00007ffba60fe000 	C:\Windows\System32\ADVAPI32.dll
0x00007ffba7230000 - 0x00007ffba72d4000 	C:\Windows\System32\sechost.dll
0x00007ffba6750000 - 0x00007ffba6865000 	C:\Windows\System32\RPCRT4.dll
0x00007ffba6110000 - 0x00007ffba6118000 	C:\Windows\System32\PSAPI.DLL
0x00007ffb9f530000 - 0x00007ffb9f564000 	C:\Windows\SYSTEM32\WINMM.dll
0x00007ffb91a30000 - 0x00007ffb91a39000 	C:\Windows\SYSTEM32\WSOCK32.dll
0x00007ffb9b620000 - 0x00007ffb9b62a000 	C:\Windows\SYSTEM32\VERSION.dll
0x00007ffba71b0000 - 0x00007ffba7221000 	C:\Windows\System32\WS2_32.dll
0x00007ffba3db0000 - 0x00007ffba3dc8000 	C:\Windows\SYSTEM32\kernel.appcore.dll
0x00007ffb953f0000 - 0x00007ffb95400000 	D:\ProgramFiles\Unity\2022.3.13f1\Editor\Data\PlaybackEngines\AndroidPlayer\OpenJDK\bin\verify.dll
0x00007ffba2670000 - 0x00007ffba289e000 	C:\Windows\SYSTEM32\DBGHELP.DLL
0x00007ffba6120000 - 0x00007ffba64a9000 	C:\Windows\System32\combase.dll
0x00007ffba5720000 - 0x00007ffba57f7000 	C:\Windows\System32\OLEAUT32.dll
0x00007ffb96b80000 - 0x00007ffb96bb2000 	C:\Windows\SYSTEM32\dbgcore.DLL
0x00007ffba4d50000 - 0x00007ffba4dcb000 	C:\Windows\System32\bcryptPrimitives.dll
0x00007ffb7b460000 - 0x00007ffb7b488000 	D:\ProgramFiles\Unity\2022.3.13f1\Editor\Data\PlaybackEngines\AndroidPlayer\OpenJDK\bin\java.dll
0x00007ffb95070000 - 0x00007ffb9507a000 	D:\ProgramFiles\Unity\2022.3.13f1\Editor\Data\PlaybackEngines\AndroidPlayer\OpenJDK\bin\jimage.dll
0x00007ffb7cbf0000 - 0x00007ffb7cc08000 	D:\ProgramFiles\Unity\2022.3.13f1\Editor\Data\PlaybackEngines\AndroidPlayer\OpenJDK\bin\zip.dll

dbghelp: loaded successfully - version: 4.0.5 - missing functions: none
symbol engine: initialized successfully - sym options: 0x614 - pdb path: .;D:\ProgramFiles\Unity\2022.3.13f1\Editor\Data\PlaybackEngines\AndroidPlayer\OpenJDK\bin;C:\Windows\SYSTEM32;C:\Program Files\AVG\Antivirus;C:\Windows\WinSxS\amd64_microsoft.windows.common-controls_6595b64144ccf1df_6.0.22621.317_none_a9434687c10c9fa2;D:\ProgramFiles\Unity\2022.3.13f1\Editor\Data\PlaybackEngines\AndroidPlayer\OpenJDK\bin\server

VM Arguments:
jvm_args: -Dfile.encoding=UTF-8 
java_command: <unknown>
java_class_path (initial): <not set>
Launcher Type: SUN_STANDARD

[Global flags]
     intx CICompilerCount                          = 12                                        {product} {ergonomic}
     uint ConcGCThreads                            = 3                                         {product} {ergonomic}
     uint G1ConcRefinementThreads                  = 13                                        {product} {ergonomic}
   size_t G1HeapRegionSize                         = 2097152                                   {product} {ergonomic}
    uintx GCDrainStackTargetSize                   = 64                                        {product} {ergonomic}
   size_t InitialHeapSize                          = 536870912                                 {product} {ergonomic}
   size_t MarkStackSize                            = 4194304                                   {product} {ergonomic}
   size_t MaxHeapSize                              = 8575254528                                {product} {ergonomic}
   size_t MinHeapDeltaBytes                        = 2097152                                   {product} {ergonomic}
    uintx NonNMethodCodeHeapSize                   = 7594288                                {pd product} {ergonomic}
    uintx NonProfiledCodeHeapSize                  = 122031976                              {pd product} {ergonomic}
    uintx ProfiledCodeHeapSize                     = 122031976                              {pd product} {ergonomic}
    uintx ReservedCodeCacheSize                    = 251658240                              {pd product} {ergonomic}
     bool SegmentedCodeCache                       = true                                      {product} {ergonomic}
     bool UseCompressedClassPointers               = true                                 {lp64_product} {ergonomic}
     bool UseCompressedOops                        = true                                 {lp64_product} {ergonomic}
     bool UseG1GC                                  = true                                      {product} {ergonomic}
     bool UseLargePagesIndividualAllocation        = false                                  {pd product} {ergonomic}

Logging:
Log output configuration:
 #0: stdout all=warning uptime,level,tags
 #1: stderr all=off uptime,level,tags

Environment Variables:
JAVA_HOME=D:\ProgramFiles\Unity\2022.3.13f1\Editor\Data\PlaybackEngines\AndroidPlayer\OpenJDK
JAVA_TOOL_OPTIONS=-Dfile.encoding=UTF-8
PATH=C:\Python312\Scripts\;C:\Python312\;C:\Windows\system32;C:\Windows;C:\Windows\System32\Wbem;C:\Windows\System32\WindowsPowerShell\v1.0\;C:\Windows\System32\OpenSSH\;D:\ProgramFiles\TortoiseGit\bin;C:\Program Files\dotnet\;C:\Program Files\Git\cmd;C:\Program Files\Microsoft VS Code\bin;D:\ProgramFiles\MPV;C:\Program Files\Mullvad VPN\resources;D:\ProgramFiles\chocolatey\bin;D:\ProgramFiles\NodeJS\;D:\ProgramFiles\Unity\2022.3.13f1\Editor\Data\PlaybackEngines\AndroidPlayer\SDK\platform-tools;C:\Users\Admin\AppData\Local\Microsoft\WindowsApps;C:\Users\Admin\AppData\Local\Programs\oh-my-posh\bin;D:\ProgramFiles\Microsoft VS Code\Microsoft VS Code\bin;C:\Users\Admin\AppData\Local\gitkraken\bin;C:\Users\Admin\.dotnet\tools;C:\Users\Admin\AppData\Local\JetBrains\Toolbox\scripts;C:\Users\Admin\AppData\Roaming\npm
USERNAME=Admin
OS=Windows_NT
PROCESSOR_IDENTIFIER=AMD64 Family 25 Model 33 Stepping 0, AuthenticAMD



---------------  S Y S T E M  ---------------

OS: Windows 11 , 64 bit Build 22621 (10.0.22621.457)
OS uptime: 11 days 3:09 hours

CPU:total 16 (initial active 16) (16 cores per cpu, 2 threads per core) family 25 model 33 stepping 0 microcode 0x0, cmov, cx8, fxsr, mmx, sse, sse2, sse3, ssse3, sse4.1, sse4.2, popcnt, avx, avx2, aes, clmul, erms, mmxext, 3dnowpref, lzcnt, sse4a, ht, tsc, tscinvbit, tscinv, bmi1, bmi2, adx, sha, fma

Memory: 4k page, system-wide physical 32711M (3372M free)
TotalPageFile size 49095M (AvailPageFile size 113M)
current process WorkingSet (physical memory assigned to process): 11M, peak: 11M
current process commit charge ("private bytes"): 71M, peak: 583M

vm_info: OpenJDK 64-Bit Server VM (11.0.14.1+1) for windows-amd64 JRE (11.0.14.1+1), built on Feb  9 2022 01:48:27 by "" with unknown MS VC++:1916

END.
